PDF isn't valid PDF/UA-1:
ValidationResult [flavour=ua1, totalAssertions=163867, assertions=[
TestAssertion [ruleId=RuleId [specification=ISO 14289-1:2014, clause=7.18.1, testNumber=1], status=failed,
message=An annotation, excluding annotations of subtype Widget, PrinterMark or Link, shall be nested within an Annot tag,
location=Location [level=CosDocument, context=root/document[0]/pages[10](606 0 obj PDPage)/annots[19](1949 0 obj PDMarkupAnnot)], locationContext=null, errorMessage=null], 
TestAssertion [ruleId=RuleId [specification=ISO 14289-1:2014, clause=7.18.1, testNumber=2], status=failed,
message=An annotation (except Widget annotations or hidden annotations, or those having rectangle outside the crop-box) shall have either Contents key or an Alt entry in the enclosing structure element,
location=Location [level=CosDocument, context=root/document[0]/pages[10](606 0 obj PDPage)/annots[19](1949 0 obj PDMarkupAnnot)], locationContext=null, errorMessage=null], 
TestAssertion [ruleId=RuleId [specification=ISO 14289-1:2014, clause=7.1, testNumber=3], status=failed,
message=Content shall be marked as Artifact or tagged as real content,
location=Location [level=CosDocument, context=root/document[0]/pages[10](606 0 obj PDPage)/annots[19](1949 0 obj PDMarkupAnnot)/appearance[0]/contentStream[0](1952 0 obj PDContentStream)/operators[2]/xObject[0]/contentStream[0](1958 0 obj PDSemanticContentStream)/operators[0]/xObject[0]/contentStream[0](1961 0 obj PDSemanticContentStream)/content[0]/contentItem[0]], locationContext=null, errorMessage=null], 
TestAssertion [ruleId=RuleId [specification=ISO 14289-1:2014, clause=7.1, testNumber=3], status=failed,
message=Content shall be marked as Artifact or tagged as real content,
location=Location [level=CosDocument, context=root/document[0]/pages[10](606 0 obj PDPage)/annots[19](1949 0 obj PDMarkupAnnot)/appearance[0]/contentStream[0](1952 0 obj PDContentStream)/operators[2]/xObject[0]/contentStream[0](1958 0 obj PDSemanticContentStream)/operators[0]/xObject[0]/contentStream[0](1961 0 obj PDSemanticContentStream)/content[0]/contentItem[1]], locationContext=null, errorMessage=null], 
TestAssertion [ruleId=RuleId [specification=ISO 14289-1:2014, clause=7.1, testNumber=3], status=failed,
message=Content shall be marked as Artifact or tagged as real content,
location=Location [level=CosDocument, context=root/document[0]/pages[10](606 0 obj PDPage)/annots[19](1949 0 obj PDMarkupAnnot)/appearance[0]/contentStream[0](1952 0 obj PDContentStream)/operators[2]/xObject[0]/contentStream[0](1958 0 obj PDSemanticContentStream)/operators[0]/xObject[0]/contentStream[0](1961 0 obj PDSemanticContentStream)/content[0]/contentItem[2]], locationContext=null, errorMessage=null], 
TestAssertion [ruleId=RuleId [specification=ISO 14289-1:2014, clause=7.1, testNumber=3], status=failed,
message=Content shall be marked as Artifact or tagged as real content,
location=Location [level=CosDocument, context=root/document[0]/pages[10](606 0 obj PDPage)/annots[19](1949 0 obj PDMarkupAnnot)/appearance[0]/contentStream[0](1952 0 obj PDContentStream)/operators[2]/xObject[0]/contentStream[0](1958 0 obj PDSemanticContentStream)/operators[0]/xObject[0]/contentStream[0](1961 0 obj PDSemanticContentStream)/content[0]/contentItem[3]], locationContext=null, errorMessage=null], 
TestAssertion [ruleId=RuleId [specification=ISO 14289-1:2014, clause=7.1, testNumber=3], status=failed,
message=Content shall be marked as Artifact or tagged as real content,
location=Location [level=CosDocument, context=root/document[0]/pages[10](606 0 obj PDPage)/annots[19](1949 0 obj PDMarkupAnnot)/appearance[0]/contentStream[0](1952 0 obj PDContentStream)/operators[2]/xObject[0]/contentStream[0](1958 0 obj PDSemanticContentStream)/operators[0]/xObject[0]/contentStream[0](1961 0 obj PDSemanticContentStream)/content[0]/contentItem[4]], locationContext=null, errorMessage=null], 
TestAssertion [ruleId=RuleId [specification=ISO 14289-1:2014, clause=7.1, testNumber=3], status=failed,
message=Content shall be marked as Artifact or tagged as real content,
location=Location [level=CosDocument, context=root/document[0]/pages[10](606 0 obj PDPage)/annots[19](1949 0 obj PDMarkupAnnot)/appearance[0]/contentStream[0](1952 0 obj PDContentStream)/operators[2]/xObject[0]/contentStream[0](1958 0 obj PDSemanticContentStream)/operators[0]/xObject[0]/contentStream[0](1961 0 obj PDSemanticContentStream)/content[0]/contentItem[5]], locationContext=null, errorMessage=null], 
TestAssertion [ruleId=RuleId [specification=ISO 14289-1:2014, clause=7.1, testNumber=3], status=failed,
message=Content shall be marked as Artifact or tagged as real content,
location=Location [level=CosDocument, context=root/document[0]/pages[10](606 0 obj PDPage)/annots[19](1949 0 obj PDMarkupAnnot)/appearance[0]/contentStream[0](1952 0 obj PDContentStream)/operators[2]/xObject[0]/contentStream[0](1958 0 obj PDSemanticContentStream)/operators[0]/xObject[0]/contentStream[0](1961 0 obj PDSemanticContentStream)/content[0]/contentItem[6]], locationContext=null, errorMessage=null], 
TestAssertion [ruleId=RuleId [specification=ISO 14289-1:2014, clause=7.1, testNumber=3], status=failed,
message=Content shall be marked as Artifact or tagged as real content,
location=Location [level=CosDocument, context=root/document[0]/pages[10](606 0 obj PDPage)/annots[19](1949 0 obj PDMarkupAnnot)/appearance[0]/contentStream[0](1952 0 obj PDContentStream)/operators[2]/xObject[0]/contentStream[0](1958 0 obj PDSemanticContentStream)/operators[0]/xObject[0]/contentStream[0](1961 0 obj PDSemanticContentStream)/content[0]/contentItem[7]], locationContext=null, errorMessage=null], 
TestAssertion [ruleId=RuleId [specification=ISO 14289-1:2014, clause=7.1, testNumber=3], status=failed,
message=Content shall be marked as Artifact or tagged as real content,
location=Location [level=CosDocument, context=root/document[0]/pages[10](606 0 obj PDPage)/annots[19](1949 0 obj PDMarkupAnnot)/appearance[0]/contentStream[0](1952 0 obj PDContentStream)/operators[2]/xObject[0]/contentStream[0](1958 0 obj PDSemanticContentStream)/operators[0]/xObject[0]/contentStream[0](1961 0 obj PDSemanticContentStream)/content[0]/contentItem[8]], locationContext=null, errorMessage=null], 
TestAssertion [ruleId=RuleId [specification=ISO 14289-1:2014, clause=7.1, testNumber=3], status=failed,
message=Content shall be marked as Artifact or tagged as real content,
location=Location [level=CosDocument, context=root/document[0]/pages[10](606 0 obj PDPage)/annots[19](1949 0 obj PDMarkupAnnot)/appearance[0]/contentStream[0](1952 0 obj PDContentStream)/operators[2]/xObject[0]/contentStream[0](1958 0 obj PDSemanticContentStream)/operators[0]/xObject[0]/contentStream[0](1961 0 obj PDSemanticContentStream)/content[0]/contentItem[9]], locationContext=null, errorMessage=null], 
TestAssertion [ruleId=RuleId [specification=ISO 14289-1:2014, clause=7.1, testNumber=3], status=failed,
message=Content shall be marked as Artifact or tagged as real content,
location=Location [level=CosDocument, context=root/document[0]/pages[10](606 0 obj PDPage)/annots[19](1949 0 obj PDMarkupAnnot)/appearance[0]/contentStream[0](1952 0 obj PDContentStream)/operators[2]/xObject[0]/contentStream[0](1958 0 obj PDSemanticContentStream)/operators[0]/xObject[0]/contentStream[0](1961 0 obj PDSemanticContentStream)/content[0]/contentItem[10]], locationContext=null, errorMessage=null], 
TestAssertion [ruleId=RuleId [specification=ISO 14289-1:2014, clause=7.1, testNumber=3], status=failed,
message=Content shall be marked as Artifact or tagged as real content,
location=Location [level=CosDocument, context=root/document[0]/pages[10](606 0 obj PDPage)/annots[19](1949 0 obj PDMarkupAnnot)/appearance[0]/contentStream[0](1952 0 obj PDContentStream)/operators[2]/xObject[0]/contentStream[0](1958 0 obj PDSemanticContentStream)/operators[0]/xObject[0]/contentStream[0](1961 0 obj PDSemanticContentStream)/content[0]/contentItem[11]], locationContext=null, errorMessage=null], 
TestAssertion [ruleId=RuleId [specification=ISO 14289-1:2014, clause=7.18.1, testNumber=1], status=failed,
message=An annotation, excluding annotations of subtype Widget, PrinterMark or Link, shall be nested within an Annot tag,
location=Location [level=CosDocument, context=root/document[0]/pages[11](711 0 obj PDPage)/annots[6](1858 0 obj PDMarkupAnnot)], locationContext=null, errorMessage=null], 
TestAssertion [ruleId=RuleId [specification=ISO 14289-1:2014, clause=7.18.1, testNumber=2], status=failed,
message=An annotation (except Widget annotations or hidden annotations, or those having rectangle outside the crop-box) shall have either Contents key or an Alt entry in the enclosing structure element,
location=Location [level=CosDocument, context=root/document[0]/pages[11](711 0 obj PDPage)/annots[6](1858 0 obj PDMarkupAnnot)], locationContext=null, errorMessage=null], 
TestAssertion [ruleId=RuleId [specification=ISO 14289-1:2014, clause=7.1, testNumber=3], status=failed,
message=Content shall be marked as Artifact or tagged as real content,
location=Location [level=CosDocument, context=root/document[0]/pages[11](711 0 obj PDPage)/annots[6](1858 0 obj PDMarkupAnnot)/appearance[0]/contentStream[0](1861 0 obj PDContentStream)/operators[2]/xObject[0]/contentStream[0](1867 0 obj PDSemanticContentStream)/operators[0]/xObject[0]/contentStream[0](1870 0 obj PDSemanticContentStream)/content[0]/contentItem[0]], locationContext=null, errorMessage=null], 
TestAssertion [ruleId=RuleId [specification=ISO 14289-1:2014, clause=7.1, testNumber=3], status=failed,
message=Content shall be marked as Artifact or tagged as real content,
location=Location [level=CosDocument, context=root/document[0]/pages[11](711 0 obj PDPage)/annots[6](1858 0 obj PDMarkupAnnot)/appearance[0]/contentStream[0](1861 0 obj PDContentStream)/operators[2]/xObject[0]/contentStream[0](1867 0 obj PDSemanticContentStream)/operators[0]/xObject[0]/contentStream[0](1870 0 obj PDSemanticContentStream)/content[0]/contentItem[1]], locationContext=null, errorMessage=null], 
TestAssertion [ruleId=RuleId [specification=ISO 14289-1:2014, clause=7.1, testNumber=3], status=failed,
message=Content shall be marked as Artifact or tagged as real content,
location=Location [level=CosDocument, context=root/document[0]/pages[11](711 0 obj PDPage)/annots[6](1858 0 obj PDMarkupAnnot)/appearance[0]/contentStream[0](1861 0 obj PDContentStream)/operators[2]/xObject[0]/contentStream[0](1867 0 obj PDSemanticContentStream)/operators[0]/xObject[0]/contentStream[0](1870 0 obj PDSemanticContentStream)/content[0]/contentItem[2]], locationContext=null, errorMessage=null], 
TestAssertion [ruleId=RuleId [specification=ISO 14289-1:2014, clause=7.1, testNumber=3], status=failed,
message=Content shall be marked as Artifact or tagged as real content,
location=Location [level=CosDocument, context=root/document[0]/pages[11](711 0 obj PDPage)/annots[6](1858 0 obj PDMarkupAnnot)/appearance[0]/contentStream[0](1861 0 obj PDContentStream)/operators[2]/xObject[0]/contentStream[0](1867 0 obj PDSemanticContentStream)/operators[0]/xObject[0]/contentStream[0](1870 0 obj PDSemanticContentStream)/content[0]/contentItem[3]], locationContext=null, errorMessage=null], 
TestAssertion [ruleId=RuleId [specification=ISO 14289-1:2014, clause=7.1, testNumber=3], status=failed,
message=Content shall be marked as Artifact or tagged as real content,
location=Location [level=CosDocument, context=root/document[0]/pages[11](711 0 obj PDPage)/annots[6](1858 0 obj PDMarkupAnnot)/appearance[0]/contentStream[0](1861 0 obj PDContentStream)/operators[2]/xObject[0]/contentStream[0](1867 0 obj PDSemanticContentStream)/operators[0]/xObject[0]/contentStream[0](1870 0 obj PDSemanticContentStream)/content[0]/contentItem[4]], locationContext=null, errorMessage=null], 
TestAssertion [ruleId=RuleId [specification=ISO 14289-1:2014, clause=7.1, testNumber=3], status=failed,
message=Content shall be marked as Artifact or tagged as real content,
location=Location [level=CosDocument, context=root/document[0]/pages[11](711 0 obj PDPage)/annots[6](1858 0 obj PDMarkupAnnot)/appearance[0]/contentStream[0](1861 0 obj PDContentStream)/operators[2]/xObject[0]/contentStream[0](1867 0 obj PDSemanticContentStream)/operators[0]/xObject[0]/contentStream[0](1870 0 obj PDSemanticContentStream)/content[0]/contentItem[5]], locationContext=null, errorMessage=null], 
TestAssertion [ruleId=RuleId [specification=ISO 14289-1:2014, clause=7.1, testNumber=3], status=failed,
message=Content shall be marked as Artifact or tagged as real content,
location=Location [level=CosDocument, context=root/document[0]/pages[11](711 0 obj PDPage)/annots[6](1858 0 obj PDMarkupAnnot)/appearance[0]/contentStream[0](1861 0 obj PDContentStream)/operators[2]/xObject[0]/contentStream[0](1867 0 obj PDSemanticContentStream)/operators[0]/xObject[0]/contentStream[0](1870 0 obj PDSemanticContentStream)/content[0]/contentItem[6]], locationContext=null, errorMessage=null], 
TestAssertion [ruleId=RuleId [specification=ISO 14289-1:2014, clause=7.1, testNumber=3], status=failed,
message=Content shall be marked as Artifact or tagged as real content,
location=Location [level=CosDocument, context=root/document[0]/pages[11](711 0 obj PDPage)/annots[6](1858 0 obj PDMarkupAnnot)/appearance[0]/contentStream[0](1861 0 obj PDContentStream)/operators[2]/xObject[0]/contentStream[0](1867 0 obj PDSemanticContentStream)/operators[0]/xObject[0]/contentStream[0](1870 0 obj PDSemanticContentStream)/content[0]/contentItem[7]], locationContext=null, errorMessage=null], 
TestAssertion [ruleId=RuleId [specification=ISO 14289-1:2014, clause=7.1, testNumber=3], status=failed,
message=Content shall be marked as Artifact or tagged as real content,
location=Location [level=CosDocument, context=root/document[0]/pages[11](711 0 obj PDPage)/annots[6](1858 0 obj PDMarkupAnnot)/appearance[0]/contentStream[0](1861 0 obj PDContentStream)/operators[2]/xObject[0]/contentStream[0](1867 0 obj PDSemanticContentStream)/operators[0]/xObject[0]/contentStream[0](1870 0 obj PDSemanticContentStream)/content[0]/contentItem[8]], locationContext=null, errorMessage=null], 
TestAssertion [ruleId=RuleId [specification=ISO 14289-1:2014, clause=7.1, testNumber=3], status=failed,
message=Content shall be marked as Artifact or tagged as real content,
location=Location [level=CosDocument, context=root/document[0]/pages[11](711 0 obj PDPage)/annots[6](1858 0 obj PDMarkupAnnot)/appearance[0]/contentStream[0](1861 0 obj PDContentStream)/operators[2]/xObject[0]/contentStream[0](1867 0 obj PDSemanticContentStream)/operators[0]/xObject[0]/contentStream[0](1870 0 obj PDSemanticContentStream)/content[0]/contentItem[9]], locationContext=null, errorMessage=null], 
TestAssertion [ruleId=RuleId [specification=ISO 14289-1:2014, clause=7.1, testNumber=3], status=failed,
message=Content shall be marked as Artifact or tagged as real content,
location=Location [level=CosDocument, context=root/document[0]/pages[11](711 0 obj PDPage)/annots[6](1858 0 obj PDMarkupAnnot)/appearance[0]/contentStream[0](1861 0 obj PDContentStream)/operators[2]/xObject[0]/contentStream[0](1867 0 obj PDSemanticContentStream)/operators[0]/xObject[0]/contentStream[0](1870 0 obj PDSemanticContentStream)/content[0]/contentItem[10]], locationContext=null, errorMessage=null], 
TestAssertion [ruleId=RuleId [specification=ISO 14289-1:2014, clause=7.1, testNumber=3], status=failed,
message=Content shall be marked as Artifact or tagged as real content,
location=Location [level=CosDocument, context=root/document[0]/pages[11](711 0 obj PDPage)/annots[6](1858 0 obj PDMarkupAnnot)/appearance[0]/contentStream[0](1861 0 obj PDContentStream)/operators[2]/xObject[0]/contentStream[0](1867 0 obj PDSemanticContentStream)/operators[0]/xObject[0]/contentStream[0](1870 0 obj PDSemanticContentStream)/content[0]/contentItem[11]], locationContext=null, errorMessage=null], 
TestAssertion [ruleId=RuleId [specification=ISO 14289-1:2014, clause=7.1, testNumber=3], status=failed,
message=Content shall be marked as Artifact or tagged as real content,
location=Location [level=CosDocument, context=root/document[0]/pages[11](711 0 obj PDPage)/annots[6](1858 0 obj PDMarkupAnnot)/appearance[0]/contentStream[0](1861 0 obj PDContentStream)/operators[2]/xObject[0]/contentStream[0](1867 0 obj PDSemanticContentStream)/operators[0]/xObject[0]/contentStream[0](1870 0 obj PDSemanticContentStream)/content[0]/contentItem[12]], locationContext=null, errorMessage=null], 
TestAssertion [ruleId=RuleId [specification=ISO 14289-1:2014, clause=7.1, testNumber=3], status=failed,
message=Content shall be marked as Artifact or tagged as real content,
location=Location [level=CosDocument, context=root/document[0]/pages[11](711 0 obj PDPage)/annots[6](1858 0 obj PDMarkupAnnot)/appearance[0]/contentStream[0](1861 0 obj PDContentStream)/operators[2]/xObject[0]/contentStream[0](1867 0 obj PDSemanticContentStream)/operators[0]/xObject[0]/contentStream[0](1870 0 obj PDSemanticContentStream)/content[0]/contentItem[13]], locationContext=null, errorMessage=null], 
TestAssertion [ruleId=RuleId [specification=ISO 14289-1:2014, clause=7.18.1, testNumber=1], status=failed,
message=An annotation, excluding annotations of subtype Widget, PrinterMark or Link, shall be nested within an Annot tag,
location=Location [level=CosDocument, context=root/document[0]/pages[15](889 0 obj PDPage)/annots[6](1893 0 obj PDMarkupAnnot)], locationContext=null, errorMessage=null], 
TestAssertion [ruleId=RuleId [specification=ISO 14289-1:2014, clause=7.18.1, testNumber=2], status=failed,
message=An annotation (except Widget annotations or hidden annotations, or those having rectangle outside the crop-box) shall have either Contents key or an Alt entry in the enclosing structure element,
location=Location [level=CosDocument, context=root/document[0]/pages[15](889 0 obj PDPage)/annots[6](1893 0 obj PDMarkupAnnot)], locationContext=null, errorMessage=null], 
TestAssertion [ruleId=RuleId [specification=ISO 14289-1:2014, clause=7.1, testNumber=3], status=failed,
message=Content shall be marked as Artifact or tagged as real content,
location=Location [level=CosDocument, context=root/document[0]/pages[15](889 0 obj PDPage)/annots[6](1893 0 obj PDMarkupAnnot)/appearance[0]/contentStream[0](1896 0 obj PDContentStream)/operators[2]/xObject[0]/contentStream[0](1902 0 obj PDSemanticContentStream)/operators[0]/xObject[0]/contentStream[0](1905 0 obj PDSemanticContentStream)/content[0]/contentItem[0]], locationContext=null, errorMessage=null], 
TestAssertion [ruleId=RuleId [specification=ISO 14289-1:2014, clause=7.1, testNumber=3], status=failed,
message=Content shall be marked as Artifact or tagged as real content,
location=Location [level=CosDocument, context=root/document[0]/pages[15](889 0 obj PDPage)/annots[6](1893 0 obj PDMarkupAnnot)/appearance[0]/contentStream[0](1896 0 obj PDContentStream)/operators[2]/xObject[0]/contentStream[0](1902 0 obj PDSemanticContentStream)/operators[0]/xObject[0]/contentStream[0](1905 0 obj PDSemanticContentStream)/content[0]/contentItem[1]], locationContext=null, errorMessage=null], 
TestAssertion [ruleId=RuleId [specification=ISO 14289-1:2014, clause=7.1, testNumber=3], status=failed,
message=Content shall be marked as Artifact or tagged as real content,
location=Location [level=CosDocument, context=root/document[0]/pages[15](889 0 obj PDPage)/annots[6](1893 0 obj PDMarkupAnnot)/appearance[0]/contentStream[0](1896 0 obj PDContentStream)/operators[2]/xObject[0]/contentStream[0](1902 0 obj PDSemanticContentStream)/operators[0]/xObject[0]/contentStream[0](1905 0 obj PDSemanticContentStream)/content[0]/contentItem[2]], locationContext=null, errorMessage=null], 
TestAssertion [ruleId=RuleId [specification=ISO 14289-1:2014, clause=7.1, testNumber=3], status=failed,
message=Content shall be marked as Artifact or tagged as real content,
location=Location [level=CosDocument, context=root/document[0]/pages[15](889 0 obj PDPage)/annots[6](1893 0 obj PDMarkupAnnot)/appearance[0]/contentStream[0](1896 0 obj PDContentStream)/operators[2]/xObject[0]/contentStream[0](1902 0 obj PDSemanticContentStream)/operators[0]/xObject[0]/contentStream[0](1905 0 obj PDSemanticContentStream)/content[0]/contentItem[3]], locationContext=null, errorMessage=null], 
TestAssertion [ruleId=RuleId [specification=ISO 14289-1:2014, clause=7.1, testNumber=3], status=failed,
message=Content shall be marked as Artifact or tagged as real content,
location=Location [level=CosDocument, context=root/document[0]/pages[15](889 0 obj PDPage)/annots[6](1893 0 obj PDMarkupAnnot)/appearance[0]/contentStream[0](1896 0 obj PDContentStream)/operators[2]/xObject[0]/contentStream[0](1902 0 obj PDSemanticContentStream)/operators[0]/xObject[0]/contentStream[0](1905 0 obj PDSemanticContentStream)/content[0]/contentItem[4]], locationContext=null, errorMessage=null], 
TestAssertion [ruleId=RuleId [specification=ISO 14289-1:2014, clause=7.1, testNumber=3], status=failed,
message=Content shall be marked as Artifact or tagged as real content,
location=Location [level=CosDocument, context=root/document[0]/pages[15](889 0 obj PDPage)/annots[6](1893 0 obj PDMarkupAnnot)/appearance[0]/contentStream[0](1896 0 obj PDContentStream)/operators[2]/xObject[0]/contentStream[0](1902 0 obj PDSemanticContentStream)/operators[0]/xObject[0]/contentStream[0](1905 0 obj PDSemanticContentStream)/content[0]/contentItem[5]], locationContext=null, errorMessage=null], 
TestAssertion [ruleId=RuleId [specification=ISO 14289-1:2014, clause=7.1, testNumber=3], status=failed,
message=Content shall be marked as Artifact or tagged as real content,
location=Location [level=CosDocument, context=root/document[0]/pages[15](889 0 obj PDPage)/annots[6](1893 0 obj PDMarkupAnnot)/appearance[0]/contentStream[0](1896 0 obj PDContentStream)/operators[2]/xObject[0]/contentStream[0](1902 0 obj PDSemanticContentStream)/operators[0]/xObject[0]/contentStream[0](1905 0 obj PDSemanticContentStream)/content[0]/contentItem[6]], locationContext=null, errorMessage=null], 
TestAssertion [ruleId=RuleId [specification=ISO 14289-1:2014, clause=7.1, testNumber=3], status=failed,
message=Content shall be marked as Artifact or tagged as real content,
location=Location [level=CosDocument, context=root/document[0]/pages[15](889 0 obj PDPage)/annots[6](1893 0 obj PDMarkupAnnot)/appearance[0]/contentStream[0](1896 0 obj PDContentStream)/operators[2]/xObject[0]/contentStream[0](1902 0 obj PDSemanticContentStream)/operators[0]/xObject[0]/contentStream[0](1905 0 obj PDSemanticContentStream)/content[0]/contentItem[7]], locationContext=null, errorMessage=null], 
TestAssertion [ruleId=RuleId [specification=ISO 14289-1:2014, clause=7.1, testNumber=3], status=failed,
message=Content shall be marked as Artifact or tagged as real content,
location=Location [level=CosDocument, context=root/document[0]/pages[15](889 0 obj PDPage)/annots[6](1893 0 obj PDMarkupAnnot)/appearance[0]/contentStream[0](1896 0 obj PDContentStream)/operators[2]/xObject[0]/contentStream[0](1902 0 obj PDSemanticContentStream)/operators[0]/xObject[0]/contentStream[0](1905 0 obj PDSemanticContentStream)/content[0]/contentItem[8]], locationContext=null, errorMessage=null], 
TestAssertion [ruleId=RuleId [specification=ISO 14289-1:2014, clause=7.1, testNumber=3], status=failed,
message=Content shall be marked as Artifact or tagged as real content,
location=Location [level=CosDocument, context=root/document[0]/pages[15](889 0 obj PDPage)/annots[6](1893 0 obj PDMarkupAnnot)/appearance[0]/contentStream[0](1896 0 obj PDContentStream)/operators[2]/xObject[0]/contentStream[0](1902 0 obj PDSemanticContentStream)/operators[0]/xObject[0]/contentStream[0](1905 0 obj PDSemanticContentStream)/content[0]/contentItem[9]], locationContext=null, errorMessage=null], 
TestAssertion [ruleId=RuleId [specification=ISO 14289-1:2014, clause=7.1, testNumber=3], status=failed,
message=Content shall be marked as Artifact or tagged as real content,
location=Location [level=CosDocument, context=root/document[0]/pages[15](889 0 obj PDPage)/annots[6](1893 0 obj PDMarkupAnnot)/appearance[0]/contentStream[0](1896 0 obj PDContentStream)/operators[2]/xObject[0]/contentStream[0](1902 0 obj PDSemanticContentStream)/operators[0]/xObject[0]/contentStream[0](1905 0 obj PDSemanticContentStream)/content[0]/contentItem[10]], locationContext=null, errorMessage=null], 
TestAssertion [ruleId=RuleId [specification=ISO 14289-1:2014, clause=7.1, testNumber=3], status=failed,
message=Content shall be marked as Artifact or tagged as real content,
location=Location [level=CosDocument, context=root/document[0]/pages[15](889 0 obj PDPage)/annots[6](1893 0 obj PDMarkupAnnot)/appearance[0]/contentStream[0](1896 0 obj PDContentStream)/operators[2]/xObject[0]/contentStream[0](1902 0 obj PDSemanticContentStream)/operators[0]/xObject[0]/contentStream[0](1905 0 obj PDSemanticContentStream)/content[0]/contentItem[11]], locationContext=null, errorMessage=null], 
TestAssertion [ruleId=RuleId [specification=ISO 14289-1:2014, clause=7.1, testNumber=3], status=failed,
message=Content shall be marked as Artifact or tagged as real content,
location=Location [level=CosDocument, context=root/document[0]/pages[15](889 0 obj PDPage)/annots[6](1893 0 obj PDMarkupAnnot)/appearance[0]/contentStream[0](1896 0 obj PDContentStream)/operators[2]/xObject[0]/contentStream[0](1902 0 obj PDSemanticContentStream)/operators[0]/xObject[0]/contentStream[0](1905 0 obj PDSemanticContentStream)/content[0]/contentItem[12]], locationContext=null, errorMessage=null], 
TestAssertion [ruleId=RuleId [specification=ISO 14289-1:2014, clause=7.1, testNumber=3], status=failed,
message=Content shall be marked as Artifact or tagged as real content,
location=Location [level=CosDocument, context=root/document[0]/pages[15](889 0 obj PDPage)/annots[6](1893 0 obj PDMarkupAnnot)/appearance[0]/contentStream[0](1896 0 obj PDContentStream)/operators[2]/xObject[0]/contentStream[0](1902 0 obj PDSemanticContentStream)/operators[0]/xObject[0]/contentStream[0](1905 0 obj PDSemanticContentStream)/content[0]/contentItem[13]], locationContext=null, errorMessage=null], 
TestAssertion [ruleId=RuleId [specification=ISO 14289-1:2014, clause=7.1, testNumber=3], status=failed,
message=Content shall be marked as Artifact or tagged as real content,
location=Location [level=CosDocument, context=root/document[0]/pages[15](889 0 obj PDPage)/annots[6](1893 0 obj PDMarkupAnnot)/appearance[0]/contentStream[0](1896 0 obj PDContentStream)/operators[2]/xObject[0]/contentStream[0](1902 0 obj PDSemanticContentStream)/operators[0]/xObject[0]/contentStream[0](1905 0 obj PDSemanticContentStream)/content[0]/contentItem[14]], locationContext=null, errorMessage=null], 
TestAssertion [ruleId=RuleId [specification=ISO 14289-1:2014, clause=7.1, testNumber=3], status=failed,
message=Content shall be marked as Artifact or tagged as real content,
location=Location [level=CosDocument, context=root/document[0]/pages[15](889 0 obj PDPage)/annots[6](1893 0 obj PDMarkupAnnot)/appearance[0]/contentStream[0](1896 0 obj PDContentStream)/operators[2]/xObject[0]/contentStream[0](1902 0 obj PDSemanticContentStream)/operators[0]/xObject[0]/contentStream[0](1905 0 obj PDSemanticContentStream)/content[0]/contentItem[15]], locationContext=null, errorMessage=null], 
TestAssertion [ruleId=RuleId [specification=ISO 14289-1:2014, clause=7.1, testNumber=3], status=failed,
message=Content shall be marked as Artifact or tagged as real content,
location=Location [level=CosDocument, context=root/document[0]/pages[15](889 0 obj PDPage)/annots[6](1893 0 obj PDMarkupAnnot)/appearance[0]/contentStream[0](1896 0 obj PDContentStream)/operators[2]/xObject[0]/contentStream[0](1902 0 obj PDSemanticContentStream)/operators[0]/xObject[0]/contentStream[0](1905 0 obj PDSemanticContentStream)/content[0]/contentItem[16]], locationContext=null, errorMessage=null], 
TestAssertion [ruleId=RuleId [specification=ISO 14289-1:2014, clause=7.1, testNumber=3], status=failed,
message=Content shall be marked as Artifact or tagged as real content,
location=Location [level=CosDocument, context=root/document[0]/pages[15](889 0 obj PDPage)/annots[6](1893 0 obj PDMarkupAnnot)/appearance[0]/contentStream[0](1896 0 obj PDContentStream)/operators[2]/xObject[0]/contentStream[0](1902 0 obj PDSemanticContentStream)/operators[0]/xObject[0]/contentStream[0](1905 0 obj PDSemanticContentStream)/content[0]/contentItem[17]], locationContext=null, errorMessage=null], 
TestAssertion [ruleId=RuleId [specification=ISO 14289-1:2014, clause=7.1, testNumber=3], status=failed,
message=Content shall be marked as Artifact or tagged as real content,
location=Location [level=CosDocument, context=root/document[0]/pages[15](889 0 obj PDPage)/annots[6](1893 0 obj PDMarkupAnnot)/appearance[0]/contentStream[0](1896 0 obj PDContentStream)/operators[2]/xObject[0]/contentStream[0](1902 0 obj PDSemanticContentStream)/operators[0]/xObject[0]/contentStream[0](1905 0 obj PDSemanticContentStream)/content[0]/contentItem[18]], locationContext=null, errorMessage=null], 
TestAssertion [ruleId=RuleId [specification=ISO 14289-1:2014, clause=7.1, testNumber=3], status=failed,
message=Content shall be marked as Artifact or tagged as real content,
location=Location [level=CosDocument, context=root/document[0]/pages[15](889 0 obj PDPage)/annots[6](1893 0 obj PDMarkupAnnot)/appearance[0]/contentStream[0](1896 0 obj PDContentStream)/operators[2]/xObject[0]/contentStream[0](1902 0 obj PDSemanticContentStream)/operators[0]/xObject[0]/contentStream[0](1905 0 obj PDSemanticContentStream)/content[0]/contentItem[19]], locationContext=null, errorMessage=null], 
TestAssertion [ruleId=RuleId [specification=ISO 14289-1:2014, clause=7.1, testNumber=3], status=failed,
message=Content shall be marked as Artifact or tagged as real content,
location=Location [level=CosDocument, context=root/document[0]/pages[15](889 0 obj PDPage)/annots[6](1893 0 obj PDMarkupAnnot)/appearance[0]/contentStream[0](1896 0 obj PDContentStream)/operators[2]/xObject[0]/contentStream[0](1902 0 obj PDSemanticContentStream)/operators[0]/xObject[0]/contentStream[0](1905 0 obj PDSemanticContentStream)/content[0]/contentItem[20]], locationContext=null, errorMessage=null], 
TestAssertion [ruleId=RuleId [specification=ISO 14289-1:2014, clause=7.1, testNumber=3], status=failed,
message=Content shall be marked as Artifact or tagged as real content,
location=Location [level=CosDocument, context=root/document[0]/pages[15](889 0 obj PDPage)/annots[6](1893 0 obj PDMarkupAnnot)/appearance[0]/contentStream[0](1896 0 obj PDContentStream)/operators[2]/xObject[0]/contentStream[0](1902 0 obj PDSemanticContentStream)/operators[0]/xObject[0]/contentStream[0](1905 0 obj PDSemanticContentStream)/content[0]/contentItem[21]], locationContext=null, errorMessage=null], 
TestAssertion [ruleId=RuleId [specification=ISO 14289-1:2014, clause=7.1, testNumber=3], status=failed,
message=Content shall be marked as Artifact or tagged as real content,
location=Location [level=CosDocument, context=root/document[0]/pages[15](889 0 obj PDPage)/annots[6](1893 0 obj PDMarkupAnnot)/appearance[0]/contentStream[0](1896 0 obj PDContentStream)/operators[2]/xObject[0]/contentStream[0](1902 0 obj PDSemanticContentStream)/operators[0]/xObject[0]/contentStream[0](1905 0 obj PDSemanticContentStream)/content[0]/contentItem[22]], locationContext=null, errorMessage=null], 
TestAssertion [ruleId=RuleId [specification=ISO 14289-1:2014, clause=7.1, testNumber=3], status=failed,
message=Content shall be marked as Artifact or tagged as real content,
location=Location [level=CosDocument, context=root/document[0]/pages[15](889 0 obj PDPage)/annots[6](1893 0 obj PDMarkupAnnot)/appearance[0]/contentStream[0](1896 0 obj PDContentStream)/operators[2]/xObject[0]/contentStream[0](1902 0 obj PDSemanticContentStream)/operators[0]/xObject[0]/contentStream[0](1905 0 obj PDSemanticContentStream)/content[0]/contentItem[23]], locationContext=null, errorMessage=null], 
TestAssertion [ruleId=RuleId [specification=ISO 14289-1:2014, clause=7.1, testNumber=3], status=failed,
message=Content shall be marked as Artifact or tagged as real content,
location=Location [level=CosDocument, context=root/document[0]/pages[15](889 0 obj PDPage)/annots[6](1893 0 obj PDMarkupAnnot)/appearance[0]/contentStream[0](1896 0 obj PDContentStream)/operators[2]/xObject[0]/contentStream[0](1902 0 obj PDSemanticContentStream)/operators[0]/xObject[0]/contentStream[0](1905 0 obj PDSemanticContentStream)/content[0]/contentItem[24]], locationContext=null, errorMessage=null], 
TestAssertion [ruleId=RuleId [specification=ISO 14289-1:2014, clause=7.1, testNumber=3], status=failed,
message=Content shall be marked as Artifact or tagged as real content,
location=Location [level=CosDocument, context=root/document[0]/pages[15](889 0 obj PDPage)/annots[6](1893 0 obj PDMarkupAnnot)/appearance[0]/contentStream[0](1896 0 obj PDContentStream)/operators[2]/xObject[0]/contentStream[0](1902 0 obj PDSemanticContentStream)/operators[0]/xObject[0]/contentStream[0](1905 0 obj PDSemanticContentStream)/content[0]/contentItem[25]], locationContext=null, errorMessage=null], 
TestAssertion [ruleId=RuleId [specification=ISO 14289-1:2014, clause=7.1, testNumber=3], status=failed,
message=Content shall be marked as Artifact or tagged as real content,
location=Location [level=CosDocument, context=root/document[0]/pages[15](889 0 obj PDPage)/annots[6](1893 0 obj PDMarkupAnnot)/appearance[0]/contentStream[0](1896 0 obj PDContentStream)/operators[2]/xObject[0]/contentStream[0](1902 0 obj PDSemanticContentStream)/operators[0]/xObject[0]/contentStream[0](1905 0 obj PDSemanticContentStream)/content[0]/contentItem[26]], locationContext=null, errorMessage=null], 
TestAssertion [ruleId=RuleId [specification=ISO 14289-1:2014, clause=7.1, testNumber=3], status=failed,
message=Content shall be marked as Artifact or tagged as real content,
location=Location [level=CosDocument, context=root/document[0]/pages[15](889 0 obj PDPage)/annots[6](1893 0 obj PDMarkupAnnot)/appearance[0]/contentStream[0](1896 0 obj PDContentStream)/operators[2]/xObject[0]/contentStream[0](1902 0 obj PDSemanticContentStream)/operators[0]/xObject[0]/contentStream[0](1905 0 obj PDSemanticContentStream)/content[0]/contentItem[27]], locationContext=null, errorMessage=null], 
TestAssertion [ruleId=RuleId [specification=ISO 14289-1:2014, clause=7.18.1, testNumber=1], status=failed,
message=An annotation, excluding annotations of subtype Widget, PrinterMark or Link, shall be nested within an Annot tag,
location=Location [level=CosDocument, context=root/document[0]/pages[15](889 0 obj PDPage)/annots[8](1914 0 obj PDMarkupAnnot)], locationContext=null, errorMessage=null], 
TestAssertion [ruleId=RuleId [specification=ISO 14289-1:2014, clause=7.18.1, testNumber=2], status=failed,
message=An annotation (except Widget annotations or hidden annotations, or those having rectangle outside the crop-box) shall have either Contents key or an Alt entry in the enclosing structure element,
location=Location [level=CosDocument, context=root/document[0]/pages[15](889 0 obj PDPage)/annots[8](1914 0 obj PDMarkupAnnot)], locationContext=null, errorMessage=null], 
TestAssertion [ruleId=RuleId [specification=ISO 14289-1:2014, clause=7.1, testNumber=3], status=failed,
message=Content shall be marked as Artifact or tagged as real content,
location=Location [level=CosDocument, context=root/document[0]/pages[15](889 0 obj PDPage)/annots[8](1914 0 obj PDMarkupAnnot)/appearance[0]/contentStream[0](1917 0 obj PDContentStream)/operators[2]/xObject[0]/contentStream[0](1923 0 obj PDSemanticContentStream)/operators[0]/xObject[0]/contentStream[0](1926 0 obj PDSemanticContentStream)/content[0]/contentItem[0]], locationContext=null, errorMessage=null], 
TestAssertion [ruleId=RuleId [specification=ISO 14289-1:2014, clause=7.1, testNumber=3], status=failed,
message=Content shall be marked as Artifact or tagged as real content,
location=Location [level=CosDocument, context=root/document[0]/pages[15](889 0 obj PDPage)/annots[8](1914 0 obj PDMarkupAnnot)/appearance[0]/contentStream[0](1917 0 obj PDContentStream)/operators[2]/xObject[0]/contentStream[0](1923 0 obj PDSemanticContentStream)/operators[0]/xObject[0]/contentStream[0](1926 0 obj PDSemanticContentStream)/content[0]/contentItem[1]], locationContext=null, errorMessage=null], 
TestAssertion [ruleId=RuleId [specification=ISO 14289-1:2014, clause=7.1, testNumber=3], status=failed,
message=Content shall be marked as Artifact or tagged as real content,
location=Location [level=CosDocument, context=root/document[0]/pages[15](889 0 obj PDPage)/annots[8](1914 0 obj PDMarkupAnnot)/appearance[0]/contentStream[0](1917 0 obj PDContentStream)/operators[2]/xObject[0]/contentStream[0](1923 0 obj PDSemanticContentStream)/operators[0]/xObject[0]/contentStream[0](1926 0 obj PDSemanticContentStream)/content[0]/contentItem[2]], locationContext=null, errorMessage=null], 
TestAssertion [ruleId=RuleId [specification=ISO 14289-1:2014, clause=7.1, testNumber=3], status=failed,
message=Content shall be marked as Artifact or tagged as real content,
location=Location [level=CosDocument, context=root/document[0]/pages[15](889 0 obj PDPage)/annots[8](1914 0 obj PDMarkupAnnot)/appearance[0]/contentStream[0](1917 0 obj PDContentStream)/operators[2]/xObject[0]/contentStream[0](1923 0 obj PDSemanticContentStream)/operators[0]/xObject[0]/contentStream[0](1926 0 obj PDSemanticContentStream)/content[0]/contentItem[3]], locationContext=null, errorMessage=null], 
TestAssertion [ruleId=RuleId [specification=ISO 14289-1:2014, clause=7.1, testNumber=3], status=failed,
message=Content shall be marked as Artifact or tagged as real content,
location=Location [level=CosDocument, context=root/document[0]/pages[15](889 0 obj PDPage)/annots[8](1914 0 obj PDMarkupAnnot)/appearance[0]/contentStream[0](1917 0 obj PDContentStream)/operators[2]/xObject[0]/contentStream[0](1923 0 obj PDSemanticContentStream)/operators[0]/xObject[0]/contentStream[0](1926 0 obj PDSemanticContentStream)/content[0]/contentItem[4]], locationContext=null, errorMessage=null], 
TestAssertion [ruleId=RuleId [specification=ISO 14289-1:2014, clause=7.1, testNumber=3], status=failed,
message=Content shall be marked as Artifact or tagged as real content,
location=Location [level=CosDocument, context=root/document[0]/pages[15](889 0 obj PDPage)/annots[8](1914 0 obj PDMarkupAnnot)/appearance[0]/contentStream[0](1917 0 obj PDContentStream)/operators[2]/xObject[0]/contentStream[0](1923 0 obj PDSemanticContentStream)/operators[0]/xObject[0]/contentStream[0](1926 0 obj PDSemanticContentStream)/content[0]/contentItem[5]], locationContext=null, errorMessage=null], 
TestAssertion [ruleId=RuleId [specification=ISO 14289-1:2014, clause=7.1, testNumber=3], status=failed,
message=Content shall be marked as Artifact or tagged as real content,
location=Location [level=CosDocument, context=root/document[0]/pages[15](889 0 obj PDPage)/annots[8](1914 0 obj PDMarkupAnnot)/appearance[0]/contentStream[0](1917 0 obj PDContentStream)/operators[2]/xObject[0]/contentStream[0](1923 0 obj PDSemanticContentStream)/operators[0]/xObject[0]/contentStream[0](1926 0 obj PDSemanticContentStream)/content[0]/contentItem[6]], locationContext=null, errorMessage=null], 
TestAssertion [ruleId=RuleId [specification=ISO 14289-1:2014, clause=7.1, testNumber=3], status=failed,
message=Content shall be marked as Artifact or tagged as real content,
location=Location [level=CosDocument, context=root/document[0]/pages[15](889 0 obj PDPage)/annots[8](1914 0 obj PDMarkupAnnot)/appearance[0]/contentStream[0](1917 0 obj PDContentStream)/operators[2]/xObject[0]/contentStream[0](1923 0 obj PDSemanticContentStream)/operators[0]/xObject[0]/contentStream[0](1926 0 obj PDSemanticContentStream)/content[0]/contentItem[7]], locationContext=null, errorMessage=null], 
TestAssertion [ruleId=RuleId [specification=ISO 14289-1:2014, clause=7.1, testNumber=3], status=failed,
message=Content shall be marked as Artifact or tagged as real content,
location=Location [level=CosDocument, context=root/document[0]/pages[15](889 0 obj PDPage)/annots[8](1914 0 obj PDMarkupAnnot)/appearance[0]/contentStream[0](1917 0 obj PDContentStream)/operators[2]/xObject[0]/contentStream[0](1923 0 obj PDSemanticContentStream)/operators[0]/xObject[0]/contentStream[0](1926 0 obj PDSemanticContentStream)/content[0]/contentItem[8]], locationContext=null, errorMessage=null], 
TestAssertion [ruleId=RuleId [specification=ISO 14289-1:2014, clause=7.1, testNumber=3], status=failed,
message=Content shall be marked as Artifact or tagged as real content,
location=Location [level=CosDocument, context=root/document[0]/pages[15](889 0 obj PDPage)/annots[8](1914 0 obj PDMarkupAnnot)/appearance[0]/contentStream[0](1917 0 obj PDContentStream)/operators[2]/xObject[0]/contentStream[0](1923 0 obj PDSemanticContentStream)/operators[0]/xObject[0]/contentStream[0](1926 0 obj PDSemanticContentStream)/content[0]/contentItem[9]], locationContext=null, errorMessage=null], 
TestAssertion [ruleId=RuleId [specification=ISO 14289-1:2014, clause=7.1, testNumber=3], status=failed,
message=Content shall be marked as Artifact or tagged as real content,
location=Location [level=CosDocument, context=root/document[0]/pages[15](889 0 obj PDPage)/annots[8](1914 0 obj PDMarkupAnnot)/appearance[0]/contentStream[0](1917 0 obj PDContentStream)/operators[2]/xObject[0]/contentStream[0](1923 0 obj PDSemanticContentStream)/operators[0]/xObject[0]/contentStream[0](1926 0 obj PDSemanticContentStream)/content[0]/contentItem[10]], locationContext=null, errorMessage=null], 
TestAssertion [ruleId=RuleId [specification=ISO 14289-1:2014, clause=7.1, testNumber=3], status=failed,
message=Content shall be marked as Artifact or tagged as real content,
location=Location [level=CosDocument, context=root/document[0]/pages[15](889 0 obj PDPage)/annots[8](1914 0 obj PDMarkupAnnot)/appearance[0]/contentStream[0](1917 0 obj PDContentStream)/operators[2]/xObject[0]/contentStream[0](1923 0 obj PDSemanticContentStream)/operators[0]/xObject[0]/contentStream[0](1926 0 obj PDSemanticContentStream)/content[0]/contentItem[11]], locationContext=null, errorMessage=null], 
TestAssertion [ruleId=RuleId [specification=ISO 14289-1:2014, clause=7.1, testNumber=3], status=failed,
message=Content shall be marked as Artifact or tagged as real content,
location=Location [level=CosDocument, context=root/document[0]/pages[15](889 0 obj PDPage)/annots[8](1914 0 obj PDMarkupAnnot)/appearance[0]/contentStream[0](1917 0 obj PDContentStream)/operators[2]/xObject[0]/contentStream[0](1923 0 obj PDSemanticContentStream)/operators[0]/xObject[0]/contentStream[0](1926 0 obj PDSemanticContentStream)/content[0]/contentItem[12]], locationContext=null, errorMessage=null], 
TestAssertion [ruleId=RuleId [specification=ISO 14289-1:2014, clause=7.1, testNumber=3], status=failed,
message=Content shall be marked as Artifact or tagged as real content,
location=Location [level=CosDocument, context=root/document[0]/pages[15](889 0 obj PDPage)/annots[8](1914 0 obj PDMarkupAnnot)/appearance[0]/contentStream[0](1917 0 obj PDContentStream)/operators[2]/xObject[0]/contentStream[0](1923 0 obj PDSemanticContentStream)/operators[0]/xObject[0]/contentStream[0](1926 0 obj PDSemanticContentStream)/content[0]/contentItem[13]], locationContext=null, errorMessage=null], 
TestAssertion [ruleId=RuleId [specification=ISO 14289-1:2014, clause=7.1, testNumber=3], status=failed,
message=Content shall be marked as Artifact or tagged as real content,
location=Location [level=CosDocument, context=root/document[0]/pages[15](889 0 obj PDPage)/annots[8](1914 0 obj PDMarkupAnnot)/appearance[0]/contentStream[0](1917 0 obj PDContentStream)/operators[2]/xObject[0]/contentStream[0](1923 0 obj PDSemanticContentStream)/operators[0]/xObject[0]/contentStream[0](1926 0 obj PDSemanticContentStream)/content[0]/contentItem[14]], locationContext=null, errorMessage=null], 
TestAssertion [ruleId=RuleId [specification=ISO 14289-1:2014, clause=7.1, testNumber=3], status=failed,
message=Content shall be marked as Artifact or tagged as real content,
location=Location [level=CosDocument, context=root/document[0]/pages[15](889 0 obj PDPage)/annots[8](1914 0 obj PDMarkupAnnot)/appearance[0]/contentStream[0](1917 0 obj PDContentStream)/operators[2]/xObject[0]/contentStream[0](1923 0 obj PDSemanticContentStream)/operators[0]/xObject[0]/contentStream[0](1926 0 obj PDSemanticContentStream)/content[0]/contentItem[15]], locationContext=null, errorMessage=null], 
TestAssertion [ruleId=RuleId [specification=ISO 14289-1:2014, clause=7.1, testNumber=3], status=failed,
message=Content shall be marked as Artifact or tagged as real content,
location=Location [level=CosDocument, context=root/document[0]/pages[15](889 0 obj PDPage)/annots[8](1914 0 obj PDMarkupAnnot)/appearance[0]/contentStream[0](1917 0 obj PDContentStream)/operators[2]/xObject[0]/contentStream[0](1923 0 obj PDSemanticContentStream)/operators[0]/xObject[0]/contentStream[0](1926 0 obj PDSemanticContentStream)/content[0]/contentItem[16]], locationContext=null, errorMessage=null], 
TestAssertion [ruleId=RuleId [specification=ISO 14289-1:2014, clause=7.1, testNumber=3], status=failed,
message=Content shall be marked as Artifact or tagged as real content,
location=Location [level=CosDocument, context=root/document[0]/pages[15](889 0 obj PDPage)/annots[8](1914 0 obj PDMarkupAnnot)/appearance[0]/contentStream[0](1917 0 obj PDContentStream)/operators[2]/xObject[0]/contentStream[0](1923 0 obj PDSemanticContentStream)/operators[0]/xObject[0]/contentStream[0](1926 0 obj PDSemanticContentStream)/content[0]/contentItem[17]], locationContext=null, errorMessage=null], 
TestAssertion [ruleId=RuleId [specification=ISO 14289-1:2014, clause=7.1, testNumber=3], status=failed,
message=Content shall be marked as Artifact or tagged as real content,
location=Location [level=CosDocument, context=root/document[0]/pages[15](889 0 obj PDPage)/annots[8](1914 0 obj PDMarkupAnnot)/appearance[0]/contentStream[0](1917 0 obj PDContentStream)/operators[2]/xObject[0]/contentStream[0](1923 0 obj PDSemanticContentStream)/operators[0]/xObject[0]/contentStream[0](1926 0 obj PDSemanticContentStream)/content[0]/contentItem[18]], locationContext=null, errorMessage=null], 
TestAssertion [ruleId=RuleId [specification=ISO 14289-1:2014, clause=7.1, testNumber=3], status=failed,
message=Content shall be marked as Artifact or tagged as real content,
location=Location [level=CosDocument, context=root/document[0]/pages[15](889 0 obj PDPage)/annots[8](1914 0 obj PDMarkupAnnot)/appearance[0]/contentStream[0](1917 0 obj PDContentStream)/operators[2]/xObject[0]/contentStream[0](1923 0 obj PDSemanticContentStream)/operators[0]/xObject[0]/contentStream[0](1926 0 obj PDSemanticContentStream)/content[0]/contentItem[19]], locationContext=null, errorMessage=null], 
TestAssertion [ruleId=RuleId [specification=ISO 14289-1:2014, clause=7.1, testNumber=3], status=failed,
message=Content shall be marked as Artifact or tagged as real content,
location=Location [level=CosDocument, context=root/document[0]/pages[15](889 0 obj PDPage)/annots[8](1914 0 obj PDMarkupAnnot)/appearance[0]/contentStream[0](1917 0 obj PDContentStream)/operators[2]/xObject[0]/contentStream[0](1923 0 obj PDSemanticContentStream)/operators[0]/xObject[0]/contentStream[0](1926 0 obj PDSemanticContentStream)/content[0]/contentItem[20]], locationContext=null, errorMessage=null], 
TestAssertion [ruleId=RuleId [specification=ISO 14289-1:2014, clause=7.1, testNumber=3], status=failed,
message=Content shall be marked as Artifact or tagged as real content,
location=Location [level=CosDocument, context=root/document[0]/pages[15](889 0 obj PDPage)/annots[8](1914 0 obj PDMarkupAnnot)/appearance[0]/contentStream[0](1917 0 obj PDContentStream)/operators[2]/xObject[0]/contentStream[0](1923 0 obj PDSemanticContentStream)/operators[0]/xObject[0]/contentStream[0](1926 0 obj PDSemanticContentStream)/content[0]/contentItem[21]], locationContext=null, errorMessage=null], 
TestAssertion [ruleId=RuleId [specification=ISO 14289-1:2014, clause=7.1, testNumber=3], status=failed,
message=Content shall be marked as Artifact or tagged as real content,
location=Location [level=CosDocument, context=root/document[0]/pages[15](889 0 obj PDPage)/annots[8](1914 0 obj PDMarkupAnnot)/appearance[0]/contentStream[0](1917 0 obj PDContentStream)/operators[2]/xObject[0]/contentStream[0](1923 0 obj PDSemanticContentStream)/operators[0]/xObject[0]/contentStream[0](1926 0 obj PDSemanticContentStream)/content[0]/contentItem[22]], locationContext=null, errorMessage=null]], isCompliant=false]
