[FATAL] Property ID "bib" (found on "fo:block") previously used; ID values must be unique within a document! (See position 220:48)
Can't obtain table's widths information: javax.xml.transform.TransformerException: org.apache.fop.fo.ValidationException: null:220:48: Property ID "bib" (found on "fo:block") previously used; ID values must be unique within a document! (See position 220:48)
Can't highlight the text ''.
Can't highlight the text ''.
PDF isn't valid PDF/UA-1:
ValidationResult [flavour=ua1, totalAssertions=160384, assertions=[
TestAssertion [ruleId=RuleId [specification=ISO 14289-1:2014, clause=7.18.1, testNumber=1], status=failed,
message=An annotation, excluding annotations of subtype Widget, PrinterMark or Link, shall be nested within an Annot tag,
location=Location [level=CosDocument, context=root/document[0]/pages[10](19 0 obj PDPage)/annots[17](152 0 obj PDMarkupAnnot)], locationContext=null, errorMessage=null], 
TestAssertion [ruleId=RuleId [specification=ISO 14289-1:2014, clause=7.18.1, testNumber=2], status=failed,
message=An annotation (except Widget annotations or hidden annotations, or those having rectangle outside the crop-box) shall have either Contents key or an Alt entry in the enclosing structure element,
location=Location [level=CosDocument, context=root/document[0]/pages[10](19 0 obj PDPage)/annots[17](152 0 obj PDMarkupAnnot)], locationContext=null, errorMessage=null], 
TestAssertion [ruleId=RuleId [specification=ISO 14289-1:2014, clause=7.1, testNumber=3], status=failed,
message=Content shall be marked as Artifact or tagged as real content,
location=Location [level=CosDocument, context=root/document[0]/pages[10](19 0 obj PDPage)/annots[17](152 0 obj PDMarkupAnnot)/appearance[0]/contentStream[0](3165 0 obj PDContentStream)/operators[2]/xObject[0]/contentStream[0](3283 0 obj PDSemanticContentStream)/operators[0]/xObject[0]/contentStream[0](3360 0 obj PDSemanticContentStream)/content[0]/contentItem[0]], locationContext=null, errorMessage=null], 
TestAssertion [ruleId=RuleId [specification=ISO 14289-1:2014, clause=7.1, testNumber=3], status=failed,
message=Content shall be marked as Artifact or tagged as real content,
location=Location [level=CosDocument, context=root/document[0]/pages[10](19 0 obj PDPage)/annots[17](152 0 obj PDMarkupAnnot)/appearance[0]/contentStream[0](3165 0 obj PDContentStream)/operators[2]/xObject[0]/contentStream[0](3283 0 obj PDSemanticContentStream)/operators[0]/xObject[0]/contentStream[0](3360 0 obj PDSemanticContentStream)/content[0]/contentItem[1]], locationContext=null, errorMessage=null], 
TestAssertion [ruleId=RuleId [specification=ISO 14289-1:2014, clause=7.1, testNumber=3], status=failed,
message=Content shall be marked as Artifact or tagged as real content,
location=Location [level=CosDocument, context=root/document[0]/pages[10](19 0 obj PDPage)/annots[17](152 0 obj PDMarkupAnnot)/appearance[0]/contentStream[0](3165 0 obj PDContentStream)/operators[2]/xObject[0]/contentStream[0](3283 0 obj PDSemanticContentStream)/operators[0]/xObject[0]/contentStream[0](3360 0 obj PDSemanticContentStream)/content[0]/contentItem[2]], locationContext=null, errorMessage=null], 
TestAssertion [ruleId=RuleId [specification=ISO 14289-1:2014, clause=7.1, testNumber=3], status=failed,
message=Content shall be marked as Artifact or tagged as real content,
location=Location [level=CosDocument, context=root/document[0]/pages[10](19 0 obj PDPage)/annots[17](152 0 obj PDMarkupAnnot)/appearance[0]/contentStream[0](3165 0 obj PDContentStream)/operators[2]/xObject[0]/contentStream[0](3283 0 obj PDSemanticContentStream)/operators[0]/xObject[0]/contentStream[0](3360 0 obj PDSemanticContentStream)/content[0]/contentItem[3]], locationContext=null, errorMessage=null], 
TestAssertion [ruleId=RuleId [specification=ISO 14289-1:2014, clause=7.1, testNumber=3], status=failed,
message=Content shall be marked as Artifact or tagged as real content,
location=Location [level=CosDocument, context=root/document[0]/pages[10](19 0 obj PDPage)/annots[17](152 0 obj PDMarkupAnnot)/appearance[0]/contentStream[0](3165 0 obj PDContentStream)/operators[2]/xObject[0]/contentStream[0](3283 0 obj PDSemanticContentStream)/operators[0]/xObject[0]/contentStream[0](3360 0 obj PDSemanticContentStream)/content[0]/contentItem[4]], locationContext=null, errorMessage=null], 
TestAssertion [ruleId=RuleId [specification=ISO 14289-1:2014, clause=7.1, testNumber=3], status=failed,
message=Content shall be marked as Artifact or tagged as real content,
location=Location [level=CosDocument, context=root/document[0]/pages[10](19 0 obj PDPage)/annots[17](152 0 obj PDMarkupAnnot)/appearance[0]/contentStream[0](3165 0 obj PDContentStream)/operators[2]/xObject[0]/contentStream[0](3283 0 obj PDSemanticContentStream)/operators[0]/xObject[0]/contentStream[0](3360 0 obj PDSemanticContentStream)/content[0]/contentItem[5]], locationContext=null, errorMessage=null], 
TestAssertion [ruleId=RuleId [specification=ISO 14289-1:2014, clause=7.1, testNumber=3], status=failed,
message=Content shall be marked as Artifact or tagged as real content,
location=Location [level=CosDocument, context=root/document[0]/pages[10](19 0 obj PDPage)/annots[17](152 0 obj PDMarkupAnnot)/appearance[0]/contentStream[0](3165 0 obj PDContentStream)/operators[2]/xObject[0]/contentStream[0](3283 0 obj PDSemanticContentStream)/operators[0]/xObject[0]/contentStream[0](3360 0 obj PDSemanticContentStream)/content[0]/contentItem[6]], locationContext=null, errorMessage=null], 
TestAssertion [ruleId=RuleId [specification=ISO 14289-1:2014, clause=7.1, testNumber=3], status=failed,
message=Content shall be marked as Artifact or tagged as real content,
location=Location [level=CosDocument, context=root/document[0]/pages[10](19 0 obj PDPage)/annots[17](152 0 obj PDMarkupAnnot)/appearance[0]/contentStream[0](3165 0 obj PDContentStream)/operators[2]/xObject[0]/contentStream[0](3283 0 obj PDSemanticContentStream)/operators[0]/xObject[0]/contentStream[0](3360 0 obj PDSemanticContentStream)/content[0]/contentItem[7]], locationContext=null, errorMessage=null], 
TestAssertion [ruleId=RuleId [specification=ISO 14289-1:2014, clause=7.1, testNumber=3], status=failed,
message=Content shall be marked as Artifact or tagged as real content,
location=Location [level=CosDocument, context=root/document[0]/pages[10](19 0 obj PDPage)/annots[17](152 0 obj PDMarkupAnnot)/appearance[0]/contentStream[0](3165 0 obj PDContentStream)/operators[2]/xObject[0]/contentStream[0](3283 0 obj PDSemanticContentStream)/operators[0]/xObject[0]/contentStream[0](3360 0 obj PDSemanticContentStream)/content[0]/contentItem[8]], locationContext=null, errorMessage=null], 
TestAssertion [ruleId=RuleId [specification=ISO 14289-1:2014, clause=7.1, testNumber=3], status=failed,
message=Content shall be marked as Artifact or tagged as real content,
location=Location [level=CosDocument, context=root/document[0]/pages[10](19 0 obj PDPage)/annots[17](152 0 obj PDMarkupAnnot)/appearance[0]/contentStream[0](3165 0 obj PDContentStream)/operators[2]/xObject[0]/contentStream[0](3283 0 obj PDSemanticContentStream)/operators[0]/xObject[0]/contentStream[0](3360 0 obj PDSemanticContentStream)/content[0]/contentItem[9]], locationContext=null, errorMessage=null], 
TestAssertion [ruleId=RuleId [specification=ISO 14289-1:2014, clause=7.1, testNumber=3], status=failed,
message=Content shall be marked as Artifact or tagged as real content,
location=Location [level=CosDocument, context=root/document[0]/pages[10](19 0 obj PDPage)/annots[17](152 0 obj PDMarkupAnnot)/appearance[0]/contentStream[0](3165 0 obj PDContentStream)/operators[2]/xObject[0]/contentStream[0](3283 0 obj PDSemanticContentStream)/operators[0]/xObject[0]/contentStream[0](3360 0 obj PDSemanticContentStream)/content[0]/contentItem[10]], locationContext=null, errorMessage=null], 
TestAssertion [ruleId=RuleId [specification=ISO 14289-1:2014, clause=7.1, testNumber=3], status=failed,
message=Content shall be marked as Artifact or tagged as real content,
location=Location [level=CosDocument, context=root/document[0]/pages[10](19 0 obj PDPage)/annots[17](152 0 obj PDMarkupAnnot)/appearance[0]/contentStream[0](3165 0 obj PDContentStream)/operators[2]/xObject[0]/contentStream[0](3283 0 obj PDSemanticContentStream)/operators[0]/xObject[0]/contentStream[0](3360 0 obj PDSemanticContentStream)/content[0]/contentItem[11]], locationContext=null, errorMessage=null], 
TestAssertion [ruleId=RuleId [specification=ISO 14289-1:2014, clause=7.18.5, testNumber=1], status=failed,
message=Links shall be tagged according to ISO 32000-1:2008, 14.8.4.4.2, Link Element,
location=Location [level=CosDocument, context=root/document[0]/pages[11](20 0 obj PDPage)/annots[2](157 0 obj PDLinkAnnot)], locationContext=null, errorMessage=null], 
TestAssertion [ruleId=RuleId [specification=ISO 14289-1:2014, clause=7.18.1, testNumber=1], status=failed,
message=An annotation, excluding annotations of subtype Widget, PrinterMark or Link, shall be nested within an Annot tag,
location=Location [level=CosDocument, context=root/document[0]/pages[12](21 0 obj PDPage)/annots[3](169 0 obj PDMarkupAnnot)], locationContext=null, errorMessage=null], 
TestAssertion [ruleId=RuleId [specification=ISO 14289-1:2014, clause=7.18.1, testNumber=2], status=failed,
message=An annotation (except Widget annotations or hidden annotations, or those having rectangle outside the crop-box) shall have either Contents key or an Alt entry in the enclosing structure element,
location=Location [level=CosDocument, context=root/document[0]/pages[12](21 0 obj PDPage)/annots[3](169 0 obj PDMarkupAnnot)], locationContext=null, errorMessage=null], 
TestAssertion [ruleId=RuleId [specification=ISO 14289-1:2014, clause=7.1, testNumber=3], status=failed,
message=Content shall be marked as Artifact or tagged as real content,
location=Location [level=CosDocument, context=root/document[0]/pages[12](21 0 obj PDPage)/annots[3](169 0 obj PDMarkupAnnot)/appearance[0]/contentStream[0](3171 0 obj PDContentStream)/operators[2]/xObject[0]/contentStream[0](3290 0 obj PDSemanticContentStream)/operators[0]/xObject[0]/contentStream[0](3369 0 obj PDSemanticContentStream)/content[0]/contentItem[0]], locationContext=null, errorMessage=null], 
TestAssertion [ruleId=RuleId [specification=ISO 14289-1:2014, clause=7.1, testNumber=3], status=failed,
message=Content shall be marked as Artifact or tagged as real content,
location=Location [level=CosDocument, context=root/document[0]/pages[12](21 0 obj PDPage)/annots[3](169 0 obj PDMarkupAnnot)/appearance[0]/contentStream[0](3171 0 obj PDContentStream)/operators[2]/xObject[0]/contentStream[0](3290 0 obj PDSemanticContentStream)/operators[0]/xObject[0]/contentStream[0](3369 0 obj PDSemanticContentStream)/content[0]/contentItem[1]], locationContext=null, errorMessage=null], 
TestAssertion [ruleId=RuleId [specification=ISO 14289-1:2014, clause=7.1, testNumber=3], status=failed,
message=Content shall be marked as Artifact or tagged as real content,
location=Location [level=CosDocument, context=root/document[0]/pages[12](21 0 obj PDPage)/annots[3](169 0 obj PDMarkupAnnot)/appearance[0]/contentStream[0](3171 0 obj PDContentStream)/operators[2]/xObject[0]/contentStream[0](3290 0 obj PDSemanticContentStream)/operators[0]/xObject[0]/contentStream[0](3369 0 obj PDSemanticContentStream)/content[0]/contentItem[2]], locationContext=null, errorMessage=null], 
TestAssertion [ruleId=RuleId [specification=ISO 14289-1:2014, clause=7.1, testNumber=3], status=failed,
message=Content shall be marked as Artifact or tagged as real content,
location=Location [level=CosDocument, context=root/document[0]/pages[12](21 0 obj PDPage)/annots[3](169 0 obj PDMarkupAnnot)/appearance[0]/contentStream[0](3171 0 obj PDContentStream)/operators[2]/xObject[0]/contentStream[0](3290 0 obj PDSemanticContentStream)/operators[0]/xObject[0]/contentStream[0](3369 0 obj PDSemanticContentStream)/content[0]/contentItem[3]], locationContext=null, errorMessage=null], 
TestAssertion [ruleId=RuleId [specification=ISO 14289-1:2014, clause=7.1, testNumber=3], status=failed,
message=Content shall be marked as Artifact or tagged as real content,
location=Location [level=CosDocument, context=root/document[0]/pages[12](21 0 obj PDPage)/annots[3](169 0 obj PDMarkupAnnot)/appearance[0]/contentStream[0](3171 0 obj PDContentStream)/operators[2]/xObject[0]/contentStream[0](3290 0 obj PDSemanticContentStream)/operators[0]/xObject[0]/contentStream[0](3369 0 obj PDSemanticContentStream)/content[0]/contentItem[4]], locationContext=null, errorMessage=null], 
TestAssertion [ruleId=RuleId [specification=ISO 14289-1:2014, clause=7.1, testNumber=3], status=failed,
message=Content shall be marked as Artifact or tagged as real content,
location=Location [level=CosDocument, context=root/document[0]/pages[12](21 0 obj PDPage)/annots[3](169 0 obj PDMarkupAnnot)/appearance[0]/contentStream[0](3171 0 obj PDContentStream)/operators[2]/xObject[0]/contentStream[0](3290 0 obj PDSemanticContentStream)/operators[0]/xObject[0]/contentStream[0](3369 0 obj PDSemanticContentStream)/content[0]/contentItem[5]], locationContext=null, errorMessage=null], 
TestAssertion [ruleId=RuleId [specification=ISO 14289-1:2014, clause=7.1, testNumber=3], status=failed,
message=Content shall be marked as Artifact or tagged as real content,
location=Location [level=CosDocument, context=root/document[0]/pages[12](21 0 obj PDPage)/annots[3](169 0 obj PDMarkupAnnot)/appearance[0]/contentStream[0](3171 0 obj PDContentStream)/operators[2]/xObject[0]/contentStream[0](3290 0 obj PDSemanticContentStream)/operators[0]/xObject[0]/contentStream[0](3369 0 obj PDSemanticContentStream)/content[0]/contentItem[6]], locationContext=null, errorMessage=null], 
TestAssertion [ruleId=RuleId [specification=ISO 14289-1:2014, clause=7.1, testNumber=3], status=failed,
message=Content shall be marked as Artifact or tagged as real content,
location=Location [level=CosDocument, context=root/document[0]/pages[12](21 0 obj PDPage)/annots[3](169 0 obj PDMarkupAnnot)/appearance[0]/contentStream[0](3171 0 obj PDContentStream)/operators[2]/xObject[0]/contentStream[0](3290 0 obj PDSemanticContentStream)/operators[0]/xObject[0]/contentStream[0](3369 0 obj PDSemanticContentStream)/content[0]/contentItem[7]], locationContext=null, errorMessage=null], 
TestAssertion [ruleId=RuleId [specification=ISO 14289-1:2014, clause=7.1, testNumber=3], status=failed,
message=Content shall be marked as Artifact or tagged as real content,
location=Location [level=CosDocument, context=root/document[0]/pages[12](21 0 obj PDPage)/annots[3](169 0 obj PDMarkupAnnot)/appearance[0]/contentStream[0](3171 0 obj PDContentStream)/operators[2]/xObject[0]/contentStream[0](3290 0 obj PDSemanticContentStream)/operators[0]/xObject[0]/contentStream[0](3369 0 obj PDSemanticContentStream)/content[0]/contentItem[8]], locationContext=null, errorMessage=null], 
TestAssertion [ruleId=RuleId [specification=ISO 14289-1:2014, clause=7.1, testNumber=3], status=failed,
message=Content shall be marked as Artifact or tagged as real content,
location=Location [level=CosDocument, context=root/document[0]/pages[12](21 0 obj PDPage)/annots[3](169 0 obj PDMarkupAnnot)/appearance[0]/contentStream[0](3171 0 obj PDContentStream)/operators[2]/xObject[0]/contentStream[0](3290 0 obj PDSemanticContentStream)/operators[0]/xObject[0]/contentStream[0](3369 0 obj PDSemanticContentStream)/content[0]/contentItem[9]], locationContext=null, errorMessage=null], 
TestAssertion [ruleId=RuleId [specification=ISO 14289-1:2014, clause=7.1, testNumber=3], status=failed,
message=Content shall be marked as Artifact or tagged as real content,
location=Location [level=CosDocument, context=root/document[0]/pages[12](21 0 obj PDPage)/annots[3](169 0 obj PDMarkupAnnot)/appearance[0]/contentStream[0](3171 0 obj PDContentStream)/operators[2]/xObject[0]/contentStream[0](3290 0 obj PDSemanticContentStream)/operators[0]/xObject[0]/contentStream[0](3369 0 obj PDSemanticContentStream)/content[0]/contentItem[10]], locationContext=null, errorMessage=null], 
TestAssertion [ruleId=RuleId [specification=ISO 14289-1:2014, clause=7.1, testNumber=3], status=failed,
message=Content shall be marked as Artifact or tagged as real content,
location=Location [level=CosDocument, context=root/document[0]/pages[12](21 0 obj PDPage)/annots[3](169 0 obj PDMarkupAnnot)/appearance[0]/contentStream[0](3171 0 obj PDContentStream)/operators[2]/xObject[0]/contentStream[0](3290 0 obj PDSemanticContentStream)/operators[0]/xObject[0]/contentStream[0](3369 0 obj PDSemanticContentStream)/content[0]/contentItem[11]], locationContext=null, errorMessage=null], 
TestAssertion [ruleId=RuleId [specification=ISO 14289-1:2014, clause=7.1, testNumber=3], status=failed,
message=Content shall be marked as Artifact or tagged as real content,
location=Location [level=CosDocument, context=root/document[0]/pages[12](21 0 obj PDPage)/annots[3](169 0 obj PDMarkupAnnot)/appearance[0]/contentStream[0](3171 0 obj PDContentStream)/operators[2]/xObject[0]/contentStream[0](3290 0 obj PDSemanticContentStream)/operators[0]/xObject[0]/contentStream[0](3369 0 obj PDSemanticContentStream)/content[0]/contentItem[12]], locationContext=null, errorMessage=null], 
TestAssertion [ruleId=RuleId [specification=ISO 14289-1:2014, clause=7.1, testNumber=3], status=failed,
message=Content shall be marked as Artifact or tagged as real content,
location=Location [level=CosDocument, context=root/document[0]/pages[12](21 0 obj PDPage)/annots[3](169 0 obj PDMarkupAnnot)/appearance[0]/contentStream[0](3171 0 obj PDContentStream)/operators[2]/xObject[0]/contentStream[0](3290 0 obj PDSemanticContentStream)/operators[0]/xObject[0]/contentStream[0](3369 0 obj PDSemanticContentStream)/content[0]/contentItem[13]], locationContext=null, errorMessage=null], 
TestAssertion [ruleId=RuleId [specification=ISO 14289-1:2014, clause=7.18.1, testNumber=1], status=failed,
message=An annotation, excluding annotations of subtype Widget, PrinterMark or Link, shall be nested within an Annot tag,
location=Location [level=CosDocument, context=root/document[0]/pages[15](24 0 obj PDPage)/annots[6](190 0 obj PDMarkupAnnot)], locationContext=null, errorMessage=null], 
TestAssertion [ruleId=RuleId [specification=ISO 14289-1:2014, clause=7.18.1, testNumber=2], status=failed,
message=An annotation (except Widget annotations or hidden annotations, or those having rectangle outside the crop-box) shall have either Contents key or an Alt entry in the enclosing structure element,
location=Location [level=CosDocument, context=root/document[0]/pages[15](24 0 obj PDPage)/annots[6](190 0 obj PDMarkupAnnot)], locationContext=null, errorMessage=null], 
TestAssertion [ruleId=RuleId [specification=ISO 14289-1:2014, clause=7.1, testNumber=3], status=failed,
message=Content shall be marked as Artifact or tagged as real content,
location=Location [level=CosDocument, context=root/document[0]/pages[15](24 0 obj PDPage)/annots[6](190 0 obj PDMarkupAnnot)/appearance[0]/contentStream[0](3177 0 obj PDContentStream)/operators[2]/xObject[0]/contentStream[0](3297 0 obj PDSemanticContentStream)/operators[0]/xObject[0]/contentStream[0](3378 0 obj PDSemanticContentStream)/content[0]/contentItem[0]], locationContext=null, errorMessage=null], 
TestAssertion [ruleId=RuleId [specification=ISO 14289-1:2014, clause=7.1, testNumber=3], status=failed,
message=Content shall be marked as Artifact or tagged as real content,
location=Location [level=CosDocument, context=root/document[0]/pages[15](24 0 obj PDPage)/annots[6](190 0 obj PDMarkupAnnot)/appearance[0]/contentStream[0](3177 0 obj PDContentStream)/operators[2]/xObject[0]/contentStream[0](3297 0 obj PDSemanticContentStream)/operators[0]/xObject[0]/contentStream[0](3378 0 obj PDSemanticContentStream)/content[0]/contentItem[1]], locationContext=null, errorMessage=null], 
TestAssertion [ruleId=RuleId [specification=ISO 14289-1:2014, clause=7.1, testNumber=3], status=failed,
message=Content shall be marked as Artifact or tagged as real content,
location=Location [level=CosDocument, context=root/document[0]/pages[15](24 0 obj PDPage)/annots[6](190 0 obj PDMarkupAnnot)/appearance[0]/contentStream[0](3177 0 obj PDContentStream)/operators[2]/xObject[0]/contentStream[0](3297 0 obj PDSemanticContentStream)/operators[0]/xObject[0]/contentStream[0](3378 0 obj PDSemanticContentStream)/content[0]/contentItem[2]], locationContext=null, errorMessage=null], 
TestAssertion [ruleId=RuleId [specification=ISO 14289-1:2014, clause=7.1, testNumber=3], status=failed,
message=Content shall be marked as Artifact or tagged as real content,
location=Location [level=CosDocument, context=root/document[0]/pages[15](24 0 obj PDPage)/annots[6](190 0 obj PDMarkupAnnot)/appearance[0]/contentStream[0](3177 0 obj PDContentStream)/operators[2]/xObject[0]/contentStream[0](3297 0 obj PDSemanticContentStream)/operators[0]/xObject[0]/contentStream[0](3378 0 obj PDSemanticContentStream)/content[0]/contentItem[3]], locationContext=null, errorMessage=null], 
TestAssertion [ruleId=RuleId [specification=ISO 14289-1:2014, clause=7.1, testNumber=3], status=failed,
message=Content shall be marked as Artifact or tagged as real content,
location=Location [level=CosDocument, context=root/document[0]/pages[15](24 0 obj PDPage)/annots[6](190 0 obj PDMarkupAnnot)/appearance[0]/contentStream[0](3177 0 obj PDContentStream)/operators[2]/xObject[0]/contentStream[0](3297 0 obj PDSemanticContentStream)/operators[0]/xObject[0]/contentStream[0](3378 0 obj PDSemanticContentStream)/content[0]/contentItem[4]], locationContext=null, errorMessage=null], 
TestAssertion [ruleId=RuleId [specification=ISO 14289-1:2014, clause=7.1, testNumber=3], status=failed,
message=Content shall be marked as Artifact or tagged as real content,
location=Location [level=CosDocument, context=root/document[0]/pages[15](24 0 obj PDPage)/annots[6](190 0 obj PDMarkupAnnot)/appearance[0]/contentStream[0](3177 0 obj PDContentStream)/operators[2]/xObject[0]/contentStream[0](3297 0 obj PDSemanticContentStream)/operators[0]/xObject[0]/contentStream[0](3378 0 obj PDSemanticContentStream)/content[0]/contentItem[5]], locationContext=null, errorMessage=null], 
TestAssertion [ruleId=RuleId [specification=ISO 14289-1:2014, clause=7.1, testNumber=3], status=failed,
message=Content shall be marked as Artifact or tagged as real content,
location=Location [level=CosDocument, context=root/document[0]/pages[15](24 0 obj PDPage)/annots[6](190 0 obj PDMarkupAnnot)/appearance[0]/contentStream[0](3177 0 obj PDContentStream)/operators[2]/xObject[0]/contentStream[0](3297 0 obj PDSemanticContentStream)/operators[0]/xObject[0]/contentStream[0](3378 0 obj PDSemanticContentStream)/content[0]/contentItem[6]], locationContext=null, errorMessage=null], 
TestAssertion [ruleId=RuleId [specification=ISO 14289-1:2014, clause=7.1, testNumber=3], status=failed,
message=Content shall be marked as Artifact or tagged as real content,
location=Location [level=CosDocument, context=root/document[0]/pages[15](24 0 obj PDPage)/annots[6](190 0 obj PDMarkupAnnot)/appearance[0]/contentStream[0](3177 0 obj PDContentStream)/operators[2]/xObject[0]/contentStream[0](3297 0 obj PDSemanticContentStream)/operators[0]/xObject[0]/contentStream[0](3378 0 obj PDSemanticContentStream)/content[0]/contentItem[7]], locationContext=null, errorMessage=null], 
TestAssertion [ruleId=RuleId [specification=ISO 14289-1:2014, clause=7.1, testNumber=3], status=failed,
message=Content shall be marked as Artifact or tagged as real content,
location=Location [level=CosDocument, context=root/document[0]/pages[15](24 0 obj PDPage)/annots[6](190 0 obj PDMarkupAnnot)/appearance[0]/contentStream[0](3177 0 obj PDContentStream)/operators[2]/xObject[0]/contentStream[0](3297 0 obj PDSemanticContentStream)/operators[0]/xObject[0]/contentStream[0](3378 0 obj PDSemanticContentStream)/content[0]/contentItem[8]], locationContext=null, errorMessage=null], 
TestAssertion [ruleId=RuleId [specification=ISO 14289-1:2014, clause=7.1, testNumber=3], status=failed,
message=Content shall be marked as Artifact or tagged as real content,
location=Location [level=CosDocument, context=root/document[0]/pages[15](24 0 obj PDPage)/annots[6](190 0 obj PDMarkupAnnot)/appearance[0]/contentStream[0](3177 0 obj PDContentStream)/operators[2]/xObject[0]/contentStream[0](3297 0 obj PDSemanticContentStream)/operators[0]/xObject[0]/contentStream[0](3378 0 obj PDSemanticContentStream)/content[0]/contentItem[9]], locationContext=null, errorMessage=null], 
TestAssertion [ruleId=RuleId [specification=ISO 14289-1:2014, clause=7.1, testNumber=3], status=failed,
message=Content shall be marked as Artifact or tagged as real content,
location=Location [level=CosDocument, context=root/document[0]/pages[15](24 0 obj PDPage)/annots[6](190 0 obj PDMarkupAnnot)/appearance[0]/contentStream[0](3177 0 obj PDContentStream)/operators[2]/xObject[0]/contentStream[0](3297 0 obj PDSemanticContentStream)/operators[0]/xObject[0]/contentStream[0](3378 0 obj PDSemanticContentStream)/content[0]/contentItem[10]], locationContext=null, errorMessage=null], 
TestAssertion [ruleId=RuleId [specification=ISO 14289-1:2014, clause=7.1, testNumber=3], status=failed,
message=Content shall be marked as Artifact or tagged as real content,
location=Location [level=CosDocument, context=root/document[0]/pages[15](24 0 obj PDPage)/annots[6](190 0 obj PDMarkupAnnot)/appearance[0]/contentStream[0](3177 0 obj PDContentStream)/operators[2]/xObject[0]/contentStream[0](3297 0 obj PDSemanticContentStream)/operators[0]/xObject[0]/contentStream[0](3378 0 obj PDSemanticContentStream)/content[0]/contentItem[11]], locationContext=null, errorMessage=null], 
TestAssertion [ruleId=RuleId [specification=ISO 14289-1:2014, clause=7.1, testNumber=3], status=failed,
message=Content shall be marked as Artifact or tagged as real content,
location=Location [level=CosDocument, context=root/document[0]/pages[15](24 0 obj PDPage)/annots[6](190 0 obj PDMarkupAnnot)/appearance[0]/contentStream[0](3177 0 obj PDContentStream)/operators[2]/xObject[0]/contentStream[0](3297 0 obj PDSemanticContentStream)/operators[0]/xObject[0]/contentStream[0](3378 0 obj PDSemanticContentStream)/content[0]/contentItem[12]], locationContext=null, errorMessage=null], 
TestAssertion [ruleId=RuleId [specification=ISO 14289-1:2014, clause=7.1, testNumber=3], status=failed,
message=Content shall be marked as Artifact or tagged as real content,
location=Location [level=CosDocument, context=root/document[0]/pages[15](24 0 obj PDPage)/annots[6](190 0 obj PDMarkupAnnot)/appearance[0]/contentStream[0](3177 0 obj PDContentStream)/operators[2]/xObject[0]/contentStream[0](3297 0 obj PDSemanticContentStream)/operators[0]/xObject[0]/contentStream[0](3378 0 obj PDSemanticContentStream)/content[0]/contentItem[13]], locationContext=null, errorMessage=null], 
TestAssertion [ruleId=RuleId [specification=ISO 14289-1:2014, clause=7.1, testNumber=3], status=failed,
message=Content shall be marked as Artifact or tagged as real content,
location=Location [level=CosDocument, context=root/document[0]/pages[15](24 0 obj PDPage)/annots[6](190 0 obj PDMarkupAnnot)/appearance[0]/contentStream[0](3177 0 obj PDContentStream)/operators[2]/xObject[0]/contentStream[0](3297 0 obj PDSemanticContentStream)/operators[0]/xObject[0]/contentStream[0](3378 0 obj PDSemanticContentStream)/content[0]/contentItem[14]], locationContext=null, errorMessage=null], 
TestAssertion [ruleId=RuleId [specification=ISO 14289-1:2014, clause=7.1, testNumber=3], status=failed,
message=Content shall be marked as Artifact or tagged as real content,
location=Location [level=CosDocument, context=root/document[0]/pages[15](24 0 obj PDPage)/annots[6](190 0 obj PDMarkupAnnot)/appearance[0]/contentStream[0](3177 0 obj PDContentStream)/operators[2]/xObject[0]/contentStream[0](3297 0 obj PDSemanticContentStream)/operators[0]/xObject[0]/contentStream[0](3378 0 obj PDSemanticContentStream)/content[0]/contentItem[15]], locationContext=null, errorMessage=null], 
TestAssertion [ruleId=RuleId [specification=ISO 14289-1:2014, clause=7.1, testNumber=3], status=failed,
message=Content shall be marked as Artifact or tagged as real content,
location=Location [level=CosDocument, context=root/document[0]/pages[15](24 0 obj PDPage)/annots[6](190 0 obj PDMarkupAnnot)/appearance[0]/contentStream[0](3177 0 obj PDContentStream)/operators[2]/xObject[0]/contentStream[0](3297 0 obj PDSemanticContentStream)/operators[0]/xObject[0]/contentStream[0](3378 0 obj PDSemanticContentStream)/content[0]/contentItem[16]], locationContext=null, errorMessage=null], 
TestAssertion [ruleId=RuleId [specification=ISO 14289-1:2014, clause=7.1, testNumber=3], status=failed,
message=Content shall be marked as Artifact or tagged as real content,
location=Location [level=CosDocument, context=root/document[0]/pages[15](24 0 obj PDPage)/annots[6](190 0 obj PDMarkupAnnot)/appearance[0]/contentStream[0](3177 0 obj PDContentStream)/operators[2]/xObject[0]/contentStream[0](3297 0 obj PDSemanticContentStream)/operators[0]/xObject[0]/contentStream[0](3378 0 obj PDSemanticContentStream)/content[0]/contentItem[17]], locationContext=null, errorMessage=null], 
TestAssertion [ruleId=RuleId [specification=ISO 14289-1:2014, clause=7.1, testNumber=3], status=failed,
message=Content shall be marked as Artifact or tagged as real content,
location=Location [level=CosDocument, context=root/document[0]/pages[15](24 0 obj PDPage)/annots[6](190 0 obj PDMarkupAnnot)/appearance[0]/contentStream[0](3177 0 obj PDContentStream)/operators[2]/xObject[0]/contentStream[0](3297 0 obj PDSemanticContentStream)/operators[0]/xObject[0]/contentStream[0](3378 0 obj PDSemanticContentStream)/content[0]/contentItem[18]], locationContext=null, errorMessage=null], 
TestAssertion [ruleId=RuleId [specification=ISO 14289-1:2014, clause=7.1, testNumber=3], status=failed,
message=Content shall be marked as Artifact or tagged as real content,
location=Location [level=CosDocument, context=root/document[0]/pages[15](24 0 obj PDPage)/annots[6](190 0 obj PDMarkupAnnot)/appearance[0]/contentStream[0](3177 0 obj PDContentStream)/operators[2]/xObject[0]/contentStream[0](3297 0 obj PDSemanticContentStream)/operators[0]/xObject[0]/contentStream[0](3378 0 obj PDSemanticContentStream)/content[0]/contentItem[19]], locationContext=null, errorMessage=null], 
TestAssertion [ruleId=RuleId [specification=ISO 14289-1:2014, clause=7.1, testNumber=3], status=failed,
message=Content shall be marked as Artifact or tagged as real content,
location=Location [level=CosDocument, context=root/document[0]/pages[15](24 0 obj PDPage)/annots[6](190 0 obj PDMarkupAnnot)/appearance[0]/contentStream[0](3177 0 obj PDContentStream)/operators[2]/xObject[0]/contentStream[0](3297 0 obj PDSemanticContentStream)/operators[0]/xObject[0]/contentStream[0](3378 0 obj PDSemanticContentStream)/content[0]/contentItem[20]], locationContext=null, errorMessage=null], 
TestAssertion [ruleId=RuleId [specification=ISO 14289-1:2014, clause=7.1, testNumber=3], status=failed,
message=Content shall be marked as Artifact or tagged as real content,
location=Location [level=CosDocument, context=root/document[0]/pages[15](24 0 obj PDPage)/annots[6](190 0 obj PDMarkupAnnot)/appearance[0]/contentStream[0](3177 0 obj PDContentStream)/operators[2]/xObject[0]/contentStream[0](3297 0 obj PDSemanticContentStream)/operators[0]/xObject[0]/contentStream[0](3378 0 obj PDSemanticContentStream)/content[0]/contentItem[21]], locationContext=null, errorMessage=null], 
TestAssertion [ruleId=RuleId [specification=ISO 14289-1:2014, clause=7.1, testNumber=3], status=failed,
message=Content shall be marked as Artifact or tagged as real content,
location=Location [level=CosDocument, context=root/document[0]/pages[15](24 0 obj PDPage)/annots[6](190 0 obj PDMarkupAnnot)/appearance[0]/contentStream[0](3177 0 obj PDContentStream)/operators[2]/xObject[0]/contentStream[0](3297 0 obj PDSemanticContentStream)/operators[0]/xObject[0]/contentStream[0](3378 0 obj PDSemanticContentStream)/content[0]/contentItem[22]], locationContext=null, errorMessage=null], 
TestAssertion [ruleId=RuleId [specification=ISO 14289-1:2014, clause=7.1, testNumber=3], status=failed,
message=Content shall be marked as Artifact or tagged as real content,
location=Location [level=CosDocument, context=root/document[0]/pages[15](24 0 obj PDPage)/annots[6](190 0 obj PDMarkupAnnot)/appearance[0]/contentStream[0](3177 0 obj PDContentStream)/operators[2]/xObject[0]/contentStream[0](3297 0 obj PDSemanticContentStream)/operators[0]/xObject[0]/contentStream[0](3378 0 obj PDSemanticContentStream)/content[0]/contentItem[23]], locationContext=null, errorMessage=null], 
TestAssertion [ruleId=RuleId [specification=ISO 14289-1:2014, clause=7.1, testNumber=3], status=failed,
message=Content shall be marked as Artifact or tagged as real content,
location=Location [level=CosDocument, context=root/document[0]/pages[15](24 0 obj PDPage)/annots[6](190 0 obj PDMarkupAnnot)/appearance[0]/contentStream[0](3177 0 obj PDContentStream)/operators[2]/xObject[0]/contentStream[0](3297 0 obj PDSemanticContentStream)/operators[0]/xObject[0]/contentStream[0](3378 0 obj PDSemanticContentStream)/content[0]/contentItem[24]], locationContext=null, errorMessage=null], 
TestAssertion [ruleId=RuleId [specification=ISO 14289-1:2014, clause=7.1, testNumber=3], status=failed,
message=Content shall be marked as Artifact or tagged as real content,
location=Location [level=CosDocument, context=root/document[0]/pages[15](24 0 obj PDPage)/annots[6](190 0 obj PDMarkupAnnot)/appearance[0]/contentStream[0](3177 0 obj PDContentStream)/operators[2]/xObject[0]/contentStream[0](3297 0 obj PDSemanticContentStream)/operators[0]/xObject[0]/contentStream[0](3378 0 obj PDSemanticContentStream)/content[0]/contentItem[25]], locationContext=null, errorMessage=null], 
TestAssertion [ruleId=RuleId [specification=ISO 14289-1:2014, clause=7.1, testNumber=3], status=failed,
message=Content shall be marked as Artifact or tagged as real content,
location=Location [level=CosDocument, context=root/document[0]/pages[15](24 0 obj PDPage)/annots[6](190 0 obj PDMarkupAnnot)/appearance[0]/contentStream[0](3177 0 obj PDContentStream)/operators[2]/xObject[0]/contentStream[0](3297 0 obj PDSemanticContentStream)/operators[0]/xObject[0]/contentStream[0](3378 0 obj PDSemanticContentStream)/content[0]/contentItem[26]], locationContext=null, errorMessage=null], 
TestAssertion [ruleId=RuleId [specification=ISO 14289-1:2014, clause=7.1, testNumber=3], status=failed,
message=Content shall be marked as Artifact or tagged as real content,
location=Location [level=CosDocument, context=root/document[0]/pages[15](24 0 obj PDPage)/annots[6](190 0 obj PDMarkupAnnot)/appearance[0]/contentStream[0](3177 0 obj PDContentStream)/operators[2]/xObject[0]/contentStream[0](3297 0 obj PDSemanticContentStream)/operators[0]/xObject[0]/contentStream[0](3378 0 obj PDSemanticContentStream)/content[0]/contentItem[27]], locationContext=null, errorMessage=null], 
TestAssertion [ruleId=RuleId [specification=ISO 14289-1:2014, clause=7.18.1, testNumber=1], status=failed,
message=An annotation, excluding annotations of subtype Widget, PrinterMark or Link, shall be nested within an Annot tag,
location=Location [level=CosDocument, context=root/document[0]/pages[15](24 0 obj PDPage)/annots[8](192 0 obj PDMarkupAnnot)], locationContext=null, errorMessage=null], 
TestAssertion [ruleId=RuleId [specification=ISO 14289-1:2014, clause=7.18.1, testNumber=2], status=failed,
message=An annotation (except Widget annotations or hidden annotations, or those having rectangle outside the crop-box) shall have either Contents key or an Alt entry in the enclosing structure element,
location=Location [level=CosDocument, context=root/document[0]/pages[15](24 0 obj PDPage)/annots[8](192 0 obj PDMarkupAnnot)], locationContext=null, errorMessage=null], 
TestAssertion [ruleId=RuleId [specification=ISO 14289-1:2014, clause=7.1, testNumber=3], status=failed,
message=Content shall be marked as Artifact or tagged as real content,
location=Location [level=CosDocument, context=root/document[0]/pages[15](24 0 obj PDPage)/annots[8](192 0 obj PDMarkupAnnot)/appearance[0]/contentStream[0](3179 0 obj PDContentStream)/operators[2]/xObject[0]/contentStream[0](3300 0 obj PDSemanticContentStream)/operators[0]/xObject[0]/contentStream[0](3383 0 obj PDSemanticContentStream)/content[0]/contentItem[0]], locationContext=null, errorMessage=null], 
TestAssertion [ruleId=RuleId [specification=ISO 14289-1:2014, clause=7.1, testNumber=3], status=failed,
message=Content shall be marked as Artifact or tagged as real content,
location=Location [level=CosDocument, context=root/document[0]/pages[15](24 0 obj PDPage)/annots[8](192 0 obj PDMarkupAnnot)/appearance[0]/contentStream[0](3179 0 obj PDContentStream)/operators[2]/xObject[0]/contentStream[0](3300 0 obj PDSemanticContentStream)/operators[0]/xObject[0]/contentStream[0](3383 0 obj PDSemanticContentStream)/content[0]/contentItem[1]], locationContext=null, errorMessage=null], 
TestAssertion [ruleId=RuleId [specification=ISO 14289-1:2014, clause=7.1, testNumber=3], status=failed,
message=Content shall be marked as Artifact or tagged as real content,
location=Location [level=CosDocument, context=root/document[0]/pages[15](24 0 obj PDPage)/annots[8](192 0 obj PDMarkupAnnot)/appearance[0]/contentStream[0](3179 0 obj PDContentStream)/operators[2]/xObject[0]/contentStream[0](3300 0 obj PDSemanticContentStream)/operators[0]/xObject[0]/contentStream[0](3383 0 obj PDSemanticContentStream)/content[0]/contentItem[2]], locationContext=null, errorMessage=null], 
TestAssertion [ruleId=RuleId [specification=ISO 14289-1:2014, clause=7.1, testNumber=3], status=failed,
message=Content shall be marked as Artifact or tagged as real content,
location=Location [level=CosDocument, context=root/document[0]/pages[15](24 0 obj PDPage)/annots[8](192 0 obj PDMarkupAnnot)/appearance[0]/contentStream[0](3179 0 obj PDContentStream)/operators[2]/xObject[0]/contentStream[0](3300 0 obj PDSemanticContentStream)/operators[0]/xObject[0]/contentStream[0](3383 0 obj PDSemanticContentStream)/content[0]/contentItem[3]], locationContext=null, errorMessage=null], 
TestAssertion [ruleId=RuleId [specification=ISO 14289-1:2014, clause=7.1, testNumber=3], status=failed,
message=Content shall be marked as Artifact or tagged as real content,
location=Location [level=CosDocument, context=root/document[0]/pages[15](24 0 obj PDPage)/annots[8](192 0 obj PDMarkupAnnot)/appearance[0]/contentStream[0](3179 0 obj PDContentStream)/operators[2]/xObject[0]/contentStream[0](3300 0 obj PDSemanticContentStream)/operators[0]/xObject[0]/contentStream[0](3383 0 obj PDSemanticContentStream)/content[0]/contentItem[4]], locationContext=null, errorMessage=null], 
TestAssertion [ruleId=RuleId [specification=ISO 14289-1:2014, clause=7.1, testNumber=3], status=failed,
message=Content shall be marked as Artifact or tagged as real content,
location=Location [level=CosDocument, context=root/document[0]/pages[15](24 0 obj PDPage)/annots[8](192 0 obj PDMarkupAnnot)/appearance[0]/contentStream[0](3179 0 obj PDContentStream)/operators[2]/xObject[0]/contentStream[0](3300 0 obj PDSemanticContentStream)/operators[0]/xObject[0]/contentStream[0](3383 0 obj PDSemanticContentStream)/content[0]/contentItem[5]], locationContext=null, errorMessage=null], 
TestAssertion [ruleId=RuleId [specification=ISO 14289-1:2014, clause=7.1, testNumber=3], status=failed,
message=Content shall be marked as Artifact or tagged as real content,
location=Location [level=CosDocument, context=root/document[0]/pages[15](24 0 obj PDPage)/annots[8](192 0 obj PDMarkupAnnot)/appearance[0]/contentStream[0](3179 0 obj PDContentStream)/operators[2]/xObject[0]/contentStream[0](3300 0 obj PDSemanticContentStream)/operators[0]/xObject[0]/contentStream[0](3383 0 obj PDSemanticContentStream)/content[0]/contentItem[6]], locationContext=null, errorMessage=null], 
TestAssertion [ruleId=RuleId [specification=ISO 14289-1:2014, clause=7.1, testNumber=3], status=failed,
message=Content shall be marked as Artifact or tagged as real content,
location=Location [level=CosDocument, context=root/document[0]/pages[15](24 0 obj PDPage)/annots[8](192 0 obj PDMarkupAnnot)/appearance[0]/contentStream[0](3179 0 obj PDContentStream)/operators[2]/xObject[0]/contentStream[0](3300 0 obj PDSemanticContentStream)/operators[0]/xObject[0]/contentStream[0](3383 0 obj PDSemanticContentStream)/content[0]/contentItem[7]], locationContext=null, errorMessage=null], 
TestAssertion [ruleId=RuleId [specification=ISO 14289-1:2014, clause=7.1, testNumber=3], status=failed,
message=Content shall be marked as Artifact or tagged as real content,
location=Location [level=CosDocument, context=root/document[0]/pages[15](24 0 obj PDPage)/annots[8](192 0 obj PDMarkupAnnot)/appearance[0]/contentStream[0](3179 0 obj PDContentStream)/operators[2]/xObject[0]/contentStream[0](3300 0 obj PDSemanticContentStream)/operators[0]/xObject[0]/contentStream[0](3383 0 obj PDSemanticContentStream)/content[0]/contentItem[8]], locationContext=null, errorMessage=null], 
TestAssertion [ruleId=RuleId [specification=ISO 14289-1:2014, clause=7.1, testNumber=3], status=failed,
message=Content shall be marked as Artifact or tagged as real content,
location=Location [level=CosDocument, context=root/document[0]/pages[15](24 0 obj PDPage)/annots[8](192 0 obj PDMarkupAnnot)/appearance[0]/contentStream[0](3179 0 obj PDContentStream)/operators[2]/xObject[0]/contentStream[0](3300 0 obj PDSemanticContentStream)/operators[0]/xObject[0]/contentStream[0](3383 0 obj PDSemanticContentStream)/content[0]/contentItem[9]], locationContext=null, errorMessage=null], 
TestAssertion [ruleId=RuleId [specification=ISO 14289-1:2014, clause=7.1, testNumber=3], status=failed,
message=Content shall be marked as Artifact or tagged as real content,
location=Location [level=CosDocument, context=root/document[0]/pages[15](24 0 obj PDPage)/annots[8](192 0 obj PDMarkupAnnot)/appearance[0]/contentStream[0](3179 0 obj PDContentStream)/operators[2]/xObject[0]/contentStream[0](3300 0 obj PDSemanticContentStream)/operators[0]/xObject[0]/contentStream[0](3383 0 obj PDSemanticContentStream)/content[0]/contentItem[10]], locationContext=null, errorMessage=null], 
TestAssertion [ruleId=RuleId [specification=ISO 14289-1:2014, clause=7.1, testNumber=3], status=failed,
message=Content shall be marked as Artifact or tagged as real content,
location=Location [level=CosDocument, context=root/document[0]/pages[15](24 0 obj PDPage)/annots[8](192 0 obj PDMarkupAnnot)/appearance[0]/contentStream[0](3179 0 obj PDContentStream)/operators[2]/xObject[0]/contentStream[0](3300 0 obj PDSemanticContentStream)/operators[0]/xObject[0]/contentStream[0](3383 0 obj PDSemanticContentStream)/content[0]/contentItem[11]], locationContext=null, errorMessage=null], 
TestAssertion [ruleId=RuleId [specification=ISO 14289-1:2014, clause=7.1, testNumber=3], status=failed,
message=Content shall be marked as Artifact or tagged as real content,
location=Location [level=CosDocument, context=root/document[0]/pages[15](24 0 obj PDPage)/annots[8](192 0 obj PDMarkupAnnot)/appearance[0]/contentStream[0](3179 0 obj PDContentStream)/operators[2]/xObject[0]/contentStream[0](3300 0 obj PDSemanticContentStream)/operators[0]/xObject[0]/contentStream[0](3383 0 obj PDSemanticContentStream)/content[0]/contentItem[12]], locationContext=null, errorMessage=null], 
TestAssertion [ruleId=RuleId [specification=ISO 14289-1:2014, clause=7.1, testNumber=3], status=failed,
message=Content shall be marked as Artifact or tagged as real content,
location=Location [level=CosDocument, context=root/document[0]/pages[15](24 0 obj PDPage)/annots[8](192 0 obj PDMarkupAnnot)/appearance[0]/contentStream[0](3179 0 obj PDContentStream)/operators[2]/xObject[0]/contentStream[0](3300 0 obj PDSemanticContentStream)/operators[0]/xObject[0]/contentStream[0](3383 0 obj PDSemanticContentStream)/content[0]/contentItem[13]], locationContext=null, errorMessage=null], 
TestAssertion [ruleId=RuleId [specification=ISO 14289-1:2014, clause=7.1, testNumber=3], status=failed,
message=Content shall be marked as Artifact or tagged as real content,
location=Location [level=CosDocument, context=root/document[0]/pages[15](24 0 obj PDPage)/annots[8](192 0 obj PDMarkupAnnot)/appearance[0]/contentStream[0](3179 0 obj PDContentStream)/operators[2]/xObject[0]/contentStream[0](3300 0 obj PDSemanticContentStream)/operators[0]/xObject[0]/contentStream[0](3383 0 obj PDSemanticContentStream)/content[0]/contentItem[14]], locationContext=null, errorMessage=null], 
TestAssertion [ruleId=RuleId [specification=ISO 14289-1:2014, clause=7.1, testNumber=3], status=failed,
message=Content shall be marked as Artifact or tagged as real content,
location=Location [level=CosDocument, context=root/document[0]/pages[15](24 0 obj PDPage)/annots[8](192 0 obj PDMarkupAnnot)/appearance[0]/contentStream[0](3179 0 obj PDContentStream)/operators[2]/xObject[0]/contentStream[0](3300 0 obj PDSemanticContentStream)/operators[0]/xObject[0]/contentStream[0](3383 0 obj PDSemanticContentStream)/content[0]/contentItem[15]], locationContext=null, errorMessage=null], 
TestAssertion [ruleId=RuleId [specification=ISO 14289-1:2014, clause=7.1, testNumber=3], status=failed,
message=Content shall be marked as Artifact or tagged as real content,
location=Location [level=CosDocument, context=root/document[0]/pages[15](24 0 obj PDPage)/annots[8](192 0 obj PDMarkupAnnot)/appearance[0]/contentStream[0](3179 0 obj PDContentStream)/operators[2]/xObject[0]/contentStream[0](3300 0 obj PDSemanticContentStream)/operators[0]/xObject[0]/contentStream[0](3383 0 obj PDSemanticContentStream)/content[0]/contentItem[16]], locationContext=null, errorMessage=null], 
TestAssertion [ruleId=RuleId [specification=ISO 14289-1:2014, clause=7.1, testNumber=3], status=failed,
message=Content shall be marked as Artifact or tagged as real content,
location=Location [level=CosDocument, context=root/document[0]/pages[15](24 0 obj PDPage)/annots[8](192 0 obj PDMarkupAnnot)/appearance[0]/contentStream[0](3179 0 obj PDContentStream)/operators[2]/xObject[0]/contentStream[0](3300 0 obj PDSemanticContentStream)/operators[0]/xObject[0]/contentStream[0](3383 0 obj PDSemanticContentStream)/content[0]/contentItem[17]], locationContext=null, errorMessage=null], 
TestAssertion [ruleId=RuleId [specification=ISO 14289-1:2014, clause=7.1, testNumber=3], status=failed,
message=Content shall be marked as Artifact or tagged as real content,
location=Location [level=CosDocument, context=root/document[0]/pages[15](24 0 obj PDPage)/annots[8](192 0 obj PDMarkupAnnot)/appearance[0]/contentStream[0](3179 0 obj PDContentStream)/operators[2]/xObject[0]/contentStream[0](3300 0 obj PDSemanticContentStream)/operators[0]/xObject[0]/contentStream[0](3383 0 obj PDSemanticContentStream)/content[0]/contentItem[18]], locationContext=null, errorMessage=null], 
TestAssertion [ruleId=RuleId [specification=ISO 14289-1:2014, clause=7.1, testNumber=3], status=failed,
message=Content shall be marked as Artifact or tagged as real content,
location=Location [level=CosDocument, context=root/document[0]/pages[15](24 0 obj PDPage)/annots[8](192 0 obj PDMarkupAnnot)/appearance[0]/contentStream[0](3179 0 obj PDContentStream)/operators[2]/xObject[0]/contentStream[0](3300 0 obj PDSemanticContentStream)/operators[0]/xObject[0]/contentStream[0](3383 0 obj PDSemanticContentStream)/content[0]/contentItem[19]], locationContext=null, errorMessage=null], 
TestAssertion [ruleId=RuleId [specification=ISO 14289-1:2014, clause=7.1, testNumber=3], status=failed,
message=Content shall be marked as Artifact or tagged as real content,
location=Location [level=CosDocument, context=root/document[0]/pages[15](24 0 obj PDPage)/annots[8](192 0 obj PDMarkupAnnot)/appearance[0]/contentStream[0](3179 0 obj PDContentStream)/operators[2]/xObject[0]/contentStream[0](3300 0 obj PDSemanticContentStream)/operators[0]/xObject[0]/contentStream[0](3383 0 obj PDSemanticContentStream)/content[0]/contentItem[20]], locationContext=null, errorMessage=null], 
TestAssertion [ruleId=RuleId [specification=ISO 14289-1:2014, clause=7.1, testNumber=3], status=failed,
message=Content shall be marked as Artifact or tagged as real content,
location=Location [level=CosDocument, context=root/document[0]/pages[15](24 0 obj PDPage)/annots[8](192 0 obj PDMarkupAnnot)/appearance[0]/contentStream[0](3179 0 obj PDContentStream)/operators[2]/xObject[0]/contentStream[0](3300 0 obj PDSemanticContentStream)/operators[0]/xObject[0]/contentStream[0](3383 0 obj PDSemanticContentStream)/content[0]/contentItem[21]], locationContext=null, errorMessage=null], 
TestAssertion [ruleId=RuleId [specification=ISO 14289-1:2014, clause=7.1, testNumber=3], status=failed,
message=Content shall be marked as Artifact or tagged as real content,
location=Location [level=CosDocument, context=root/document[0]/pages[15](24 0 obj PDPage)/annots[8](192 0 obj PDMarkupAnnot)/appearance[0]/contentStream[0](3179 0 obj PDContentStream)/operators[2]/xObject[0]/contentStream[0](3300 0 obj PDSemanticContentStream)/operators[0]/xObject[0]/contentStream[0](3383 0 obj PDSemanticContentStream)/content[0]/contentItem[22]], locationContext=null, errorMessage=null]], isCompliant=false]
