/__w/mn-samples-iso/mn-samples-iso/site/documents/international-standard/rice-en.wd.err errors


== Style

(): AnnexA-4-1:Preparation of test sample: subclause is only child
(XML Line 000068): Foreword may contain requirement: ISO shall not be held responsible for identifying any or all such patent rights
	<foreword id="_bfa95367-194a-4935-a7e6-2ed5c5e3c031" obligation="informative"><title>Foreword</title><p id="_3383a4e8-6465-4069-8f93-ceb3d1f746b4">ISO (the International Organization for Standardization)
	is a worldwide federation of national standards bodies (ISO member bodies). The work of preparing International Standards is normally carried out through ISO technical committees. Each member body interested in a subject for which a technical committee has been established has the right to be represented on that committee. International organizations, governmental and non-governmental, in liaison with ISO, also take part in the work. ISO collaborates closely with the International Electrotechnical Commission (IEC) on all matters of electrotechnical standardization.</p>
	<p id="_d5bd1ddd-d8ff-42ae-b0cb-ed2d93bcc1df">The procedures used to develop this document and those intended for its further maintenance are described in the ISO/IEC Directives, Part 1. In particular the different approval criteria needed for the different types of ISO documents should be noted. This document was drafted in accordance with the editorial rules of the ISO/IEC Directives, Part 2 (see www.iso.org/directives).</p>
	<p id="_4f521f85-8ba8-4211-ae4e-d22221ec2484">Attention is drawn to the possibility that some of the elements of this document may be the subject of patent rights. ISO shall not be held responsible for identifying any or all such patent rights. Details of any patent rights identified during the development of the document will be in the Introduction and/or on the ISO list of patent declarations received (see www.iso.org/patents).</p>
	<p id="_05880c9d-f5b8-455c-980a-5d146c07ea88">Any trade name used in this document is information given for the convenience of users and does not constitute an endorsement.</p>
(XML Line 000068): Foreword may contain permission: Attention is drawn to the possibility that some of the elements of this document may be the subject of patent rights
	<foreword id="_bfa95367-194a-4935-a7e6-2ed5c5e3c031" obligation="informative"><title>Foreword</title><p id="_3383a4e8-6465-4069-8f93-ceb3d1f746b4">ISO (the International Organization for Standardization)
	is a worldwide federation of national standards bodies (ISO member bodies). The work of preparing International Standards is normally carried out through ISO technical committees. Each member body interested in a subject for which a technical committee has been established has the right to be represented on that committee. International organizations, governmental and non-governmental, in liaison with ISO, also take part in the work. ISO collaborates closely with the International Electrotechnical Commission (IEC) on all matters of electrotechnical standardization.</p>
	<p id="_d5bd1ddd-d8ff-42ae-b0cb-ed2d93bcc1df">The procedures used to develop this document and those intended for its further maintenance are described in the ISO/IEC Directives, Part 1. In particular the different approval criteria needed for the different types of ISO documents should be noted. This document was drafted in accordance with the editorial rules of the ISO/IEC Directives, Part 2 (see www.iso.org/directives).</p>
	<p id="_4f521f85-8ba8-4211-ae4e-d22221ec2484">Attention is drawn to the possibility that some of the elements of this document may be the subject of patent rights. ISO shall not be held responsible for identifying any or all such patent rights. Details of any patent rights identified during the development of the document will be in the Introduction and/or on the ISO list of patent declarations received (see www.iso.org/patents).</p>
	<p id="_05880c9d-f5b8-455c-980a-5d146c07ea88">Any trade name used in this document is information given for the convenience of users and does not constitute an endorsement.</p>
(XML Line 000068): Foreword may contain recommendation: In particular the different approval criteria needed for the different types of ISO documents should be noted
	<foreword id="_bfa95367-194a-4935-a7e6-2ed5c5e3c031" obligation="informative"><title>Foreword</title><p id="_3383a4e8-6465-4069-8f93-ceb3d1f746b4">ISO (the International Organization for Standardization)
	is a worldwide federation of national standards bodies (ISO member bodies). The work of preparing International Standards is normally carried out through ISO technical committees. Each member body interested in a subject for which a technical committee has been established has the right to be represented on that committee. International organizations, governmental and non-governmental, in liaison with ISO, also take part in the work. ISO collaborates closely with the International Electrotechnical Commission (IEC) on all matters of electrotechnical standardization.</p>
	<p id="_d5bd1ddd-d8ff-42ae-b0cb-ed2d93bcc1df">The procedures used to develop this document and those intended for its further maintenance are described in the ISO/IEC Directives, Part 1. In particular the different approval criteria needed for the different types of ISO documents should be noted. This document was drafted in accordance with the editorial rules of the ISO/IEC Directives, Part 2 (see www.iso.org/directives).</p>
	<p id="_4f521f85-8ba8-4211-ae4e-d22221ec2484">Attention is drawn to the possibility that some of the elements of this document may be the subject of patent rights. ISO shall not be held responsible for identifying any or all such patent rights. Details of any patent rights identified during the development of the document will be in the Introduction and/or on the ISO list of patent declarations received (see www.iso.org/patents).</p>
	<p id="_05880c9d-f5b8-455c-980a-5d146c07ea88">Any trade name used in this document is information given for the convenience of users and does not constitute an endorsement.</p>
(XML Line 000082): possible decimal point: 4.3
	<p id="_9821a6e3-f3a2-44ce-b214-85446998b674">deletion of 4.3.</p>
(XML Line 000087): number not broken up in threes: 2016
	<p id="_15ad304d-4874-4481-84b0-5a0abd5a9511">For further information on the Foreword, see <strong>ISO/IEC Directives, Part 2, 2016, Clause 12.</strong></p>
(XML Line 000088): Introduction may contain requirement: ISO shall not be held responsible for identifying any or all such patent rights.
	<introduction id="_introduction" obligation="informative"><title>Introduction</title><p id="_682df6b5-8819-4050-b3fb-ff7a2c1fa2ca">This document was developed in response to worldwide demand for minimum specifications for rice traded internationally, since most commercial bulks of grain, which have not been screened or aspirated, contain a proportion of other grains, weed seeds, chaff, straw, stones, sand, etc. The vegetable materials can have physical and biological properties which differ from those of the main constituent and can therefore affect the storage behaviour.</p>
	<p id="_44ecdf6a-1d6f-4da7-91f8-677de3916cec">Rice is a permanent host to a considerable microflora; most of these microorganisms are cosmopolitan, the majority are innocuous, but some produce harmful by-products. Microflora communities present on freshly harvested rice include many types of bacteria, moulds and yeasts. While the rice is ripening and its moisture content is falling, the number of field microorganisms, mainly bacteria, diminishes. When the rice is harvested, it is invaded by storage microorganisms and the field microflora gradually dies out. If the mass fraction of moisture (formerly expressed as moisture content) is less than 18 %, the microflora does not multiply, whereas above 18 % it does so rapidly. Thus, at harvest, the qualitative and the quantitative composition of the microflora depends more upon ecological factors than upon the variety of the rice. During transport and storage, additions to the microfloral population occur. Microorganisms on the rice at harvest tend to die out during storage and are replaced by microorganisms adapted to storage conditions.</p>
	<p id="_e1efb6e1-53a7-4580-8ca4-ec8973e5244d">Storage losses have been estimated as being an average of 5 %, and as much as 30 %, especially in countries with climates favourable to the rapid development of agents of deterioration and where storage techniques are poorly developed, such as developing countries in the damp tropics. The magnitude of these figures highlights the need to promote throughout the world a rapid improvement in techniques of conservation.</p>
	<p id="_6915bff6-513a-4d2b-a357-337136d35339">The International Organization for Standardization (ISO) draws attention to the fact that it is claimed that compliance with this document may involve the use of a patent concerning sample dividers given in <xref target="AnnexA"/> and shown in <xref target="figureA-1"/>.</p>
	<p id="_e2d3e41a-ff3f-4a05-8675-1ebbc9dc1285">ISO takes no position concerning the evidence, validity and scope of this patent right.</p>
(XML Line 000102): number not broken up in threes: 16634
	<note format="text/plain" type="Unpublished-Status">Under preparation. (Stage at the time of publication ISO/DIS 16634)</note>
(XML Line 000102): number not broken up in threes: 16634
	<fn reference="2">Under preparation. (Stage at the time of publication ISO/DIS 16634)</fn>
(XML Line 000106): possible decimal point: 3.1
	<termsource status="identical">
	<origin bibitemid="ISO7301" type="inline" citeas="ISO 7301:2011"><localityStack><locality type="clause"><referenceFrom>3.1</referenceFrom></locality></localityStack></origin>
	</termsource>
(XML Line 000113): possible decimal point: 3.2
	<termsource status="modified">
	<origin bibitemid="ISO7301" type="inline" citeas="ISO 7301:2011"><localityStack><locality type="clause"><referenceFrom>3.2</referenceFrom></locality></localityStack></origin>
	<modification>
	<p id="_b69856bd-937e-4526-bcd2-615610e88e81">The term “cargo rice” is shown as deprecated, and Note 1 to entry is not included here</p>
	</modification>
(XML Line 000123): possible decimal point: 3.3
	<termsource status="identical">
	<origin bibitemid="ISO7301" type="inline" citeas="ISO 7301:2011"><localityStack><locality type="clause"><referenceFrom>3.3</referenceFrom></locality></localityStack></origin>
	</termsource>
(XML Line 000156): possible decimal point: 3.1
	<termsource status="identical">
	<origin bibitemid="ISO6646" type="inline" citeas="ISO 6646"><localityStack><locality type="clause"><referenceFrom>3.1</referenceFrom></locality></localityStack></origin>
	</termsource>
(XML Line 000163): possible decimal point: 3.1
	<termsource status="identical">
	<origin bibitemid="ISO20483" type="inline" citeas="ISO 20483:2013"><localityStack><locality type="clause"><referenceFrom>3.1</referenceFrom></locality></localityStack></origin>
	</termsource>
(XML Line 000170): possible decimal point: 3.2
	<termsource status="identical">
	<origin bibitemid="ISO20483" type="inline" citeas="ISO 20483:2013"><localityStack><locality type="clause"><referenceFrom>3.2</referenceFrom></locality></localityStack></origin>
	</termsource>
(XML Line 000177): possible decimal point: 3.1
	<termsource status="identical">
	<origin bibitemid="ISO14864" type="inline" citeas="ISO 14864:1998"><localityStack><locality type="clause"><referenceFrom>3.1</referenceFrom></locality></localityStack></origin>
	</termsource>
(XML Line 000181): possible decimal point: 3.2
	<termsource status="identical">
	<origin bibitemid="ISO14864" type="inline" citeas="ISO 14864:1998"><localityStack><locality type="clause"><referenceFrom>3.2</referenceFrom></locality></localityStack></origin>
	</termsource>
(XML Line 000188): possible decimal point: 3.3
	<termsource status="identical">
	<origin bibitemid="ISO14864" type="inline" citeas="ISO 14864:1998"><localityStack><locality type="clause"><referenceFrom>3.3</referenceFrom></locality></localityStack></origin>
	</termsource>
(XML Line 000191): Hanging paragraph in clause
	<clause id="_specifications" inline-header="false" obligation="normative"><title>Specifications</title><clause id="_general_organoleptic_and_health_characteristics" inline-header="false" obligation="normative"><title>General, organoleptic and health characteristics</title><p id="_5abc192f-a267-41aa-bc87-78deafe77e76">Kernels of rice, whether parboiled, husked or milled, and whether whole or broken, shall be sound, clean and free from foreign odours or odour which indicates deterioration.</p>
	<p id="_875ed9da-bbe7-460c-8873-970e17ee1379">The levels of additives and pesticide residues and other contaminants shall not exceed the maximum limits permitted in the country of destination.</p>
	<p id="_bf6c2fd9-28b4-4705-9510-c1215a5ff6c1">The presence of living insects which are visible to the naked eye is not permitted. This should be determined before separating the bulk sample into test samples.</p></clause>
	<clause id="_physical_and_chemical_characteristics" inline-header="false" obligation="normative"><title>Physical and chemical characteristics</title><clause id="_4b74804e-aab0-47b8-a5c1-a63ee54fccd9" inline-header="false" obligation="normative"><p id="_abd9e8af-fc95-411a-9eb5-44a05befe56a">The mass fraction of moisture, determined in accordance with <eref type="inline" bibitemid="ISO712" citeas="ISO 712"/>, using an oven complying with the requirements of <eref type="inline" bibitemid="IEC61010-2" citeas="IEC 61010-2:1998"/>, shall not be greater than 15 %.<fn reference="1"><p id="_5620173d-6cd2-46ec-80a3-4c0b9e37baab">Formerly denoted as 15 % (m/m).</p></fn></p>
	<p id="_c4a56c98-c475-4a43-87f1-ef6e63ec01c8">The mass fraction of extraneous matter and defective kernels in husked and milled rice, whether or not parboiled, determined in accordance with <xref target="AnnexA"/>, shall not be greater than the values specified in <xref target="table1"/>.</p>
(XML Line 000194): Hanging paragraph in clause
	<clause id="_physical_and_chemical_characteristics" inline-header="false" obligation="normative"><title>Physical and chemical characteristics</title><clause id="_4b74804e-aab0-47b8-a5c1-a63ee54fccd9" inline-header="false" obligation="normative"><p id="_abd9e8af-fc95-411a-9eb5-44a05befe56a">The mass fraction of moisture, determined in accordance with <eref type="inline" bibitemid="ISO712" citeas="ISO 712"/>, using an oven complying with the requirements of <eref type="inline" bibitemid="IEC61010-2" citeas="IEC 61010-2:1998"/>, shall not be greater than 15 %.<fn reference="1"><p id="_5620173d-6cd2-46ec-80a3-4c0b9e37baab">Formerly denoted as 15 % (m/m).</p></fn></p>
	<p id="_c4a56c98-c475-4a43-87f1-ef6e63ec01c8">The mass fraction of extraneous matter and defective kernels in husked and milled rice, whether or not parboiled, determined in accordance with <xref target="AnnexA"/>, shall not be greater than the values specified in <xref target="table1"/>.</p>
	<note id="_1279634b-5536-4c95-880c-d80ca92dfba6">
	<p id="_71fee9be-89ec-4047-8f7f-94f70e3c32a0">Lower mass fractions of moisture are sometimes needed for certain destinations depending on the climate, duration of transport and storage. For further details, see <eref type="inline" bibitemid="ISO6322-1" citeas="ISO 6322-1"/>, <eref type="inline" bibitemid="ISO6322-2" citeas="ISO 6322-2"/> and <eref type="inline" bibitemid="ISO6322-3" citeas="ISO 6322-3"/>.</p>
	</note></clause>
(XML Line 000275): Footnote may contain requirement: 
  The maximum permissible mass fraction of defects shall be determined with respect to the mass fraction obtained after milling
	<fn reference="c">
	  <p id="_f1ebb3a0-d030-40c3-9fe4-2318f28a10e7">The maximum permissible mass fraction of defects shall be determined with respect to the mass fraction obtained after milling.</p>
	</fn>
(XML Line 000277): Footnote may contain requirement: 
  The maximum permissible mass fraction of defects shall be determined with respect to the mass fraction obtained after milling
	<fn reference="c">
	  <p id="_c5d275b1-2367-4b91-b9d8-6200b03da132">The maximum permissible mass fraction of defects shall be determined with respect to the mass fraction obtained after milling.</p>
	</fn>
(XML Line 000296): Footnote may contain requirement: 
  The maximum permissible mass fraction of defects shall be determined with respect to the mass fraction obtained after milling
	<fn reference="c">
	  <p id="_4581ba13-e025-48e1-abbe-ca61b536b922">The maximum permissible mass fraction of defects shall be determined with respect to the mass fraction obtained after milling.</p>
	</fn>
(XML Line 000305): Footnote may contain requirement: 
  The maximum permissible mass fraction of defects shall be determined with respect to the mass fraction obtained after milling
	<fn reference="c">
	  <p id="_aa1b7d1c-419c-41c2-9400-e53265bc1baa">The maximum permissible mass fraction of defects shall be determined with respect to the mass fraction obtained after milling.</p>
	</fn>
(XML Line 000312): Footnote may contain requirement: 
  The maximum permissible mass fraction of defects shall be determined with respect to the mass fraction obtained after milling
	<fn reference="c">
	  <p id="_f7d3a501-6038-4b1d-919d-2af7529a1929">The maximum permissible mass fraction of defects shall be determined with respect to the mass fraction obtained after milling.</p>
	</fn>
(XML Line 000324): Footnote may contain requirement: 
  The maximum permissible mass fraction of defects shall be determined with respect to the mass fraction obtained after milling
	<fn reference="c">
	  <p id="_ff2939df-2758-40b8-a634-afa996737002">The maximum permissible mass fraction of defects shall be determined with respect to the mass fraction obtained after milling.</p>
	</fn>
(XML Line 000326): Footnote may contain requirement: 
  The maximum permissible mass fraction of defects shall be determined with respect to the mass fraction obtained after milling
	<fn reference="c">
	  <p id="_c10839f4-830d-418b-9bbc-3faebcc1295f">The maximum permissible mass fraction of defects shall be determined with respect to the mass fraction obtained after milling.</p>
	</fn>
(XML Line 000347): Scope must occur before Terms and Definitions
	<clause id="clause5" inline-header="false" obligation="normative">
	<title>Sampling</title>
	<p id="_9f014b87-1883-477f-983c-ce34e627ddfb">Sampling shall be carried out in accordance with <eref type="inline" bibitemid="ISO24333" citeas="ISO 24333:2009">ISO 24333:2009, Clause 5</eref>.</p>
	</clause>
(XML Line 000351): Scope must occur before Terms and Definitions
	<clause id="_test_methods" inline-header="false" obligation="normative"><title>Test methods</title><clause id="_moisture_content" inline-header="false" obligation="normative">
	<title>Moisture content</title>
	<p id="_a01f8bc6-21b3-4b03-9cdd-03afdb2d7942">Determine the mass fraction of moisture in accordance with the method specified in <eref type="inline" bibitemid="ISO712" citeas="ISO 712"/>.</p>
	</clause>
	<clause id="_waxy_rice_content" inline-header="false" obligation="normative">
(XML Line 000351): Hanging paragraph in clause
	<clause id="_test_methods" inline-header="false" obligation="normative"><title>Test methods</title><clause id="_moisture_content" inline-header="false" obligation="normative">
	<title>Moisture content</title>
	<p id="_a01f8bc6-21b3-4b03-9cdd-03afdb2d7942">Determine the mass fraction of moisture in accordance with the method specified in <eref type="inline" bibitemid="ISO712" citeas="ISO 712"/>.</p>
	</clause>
	<clause id="_waxy_rice_content" inline-header="false" obligation="normative">
(XML Line 000359): number not broken up in threes: 16634
	<p id="_8eb97a7b-1ca7-4311-b377-ae70b7878785">Determine the nitrogen content and crude protein content in accordance with either <eref type="inline" bibitemid="ISO16634" citeas="ISO 16634:--"><localityStack><locality type="clause"><referenceFrom>9</referenceFrom></locality></localityStack></eref><fn reference="2">Under preparation. (Stage at the time of publication ISO/DIS 16634)</fn>, or <eref type="inline" bibitemid="ISO20483" citeas="ISO 20483:2013"/>. For details on the determination of protein content using the Kjeldahl method, see Reference <eref type="inline" bibitemid="ref12" citeas="[10]"/> in the Bibliography. For details concerning the use of the Dumas method, see References <eref type="inline" bibitemid="ref10" citeas="[15]"/> and <eref type="inline" bibitemid="ref16" citeas="[16]"/>.</p>
(XML Line 000359): undated reference ISO 16634:-- should not contain specific elements
	<eref type="inline" bibitemid="ISO16634" citeas="ISO 16634:--">
	  <localityStack>
	    <locality type="clause">
	      <referenceFrom>9</referenceFrom>
	    </locality>
(XML Line 000363): Hanging paragraph in clause
	<clause id="_husked_rice_yield_2" inline-header="false" obligation="normative"><title>Husked rice yield</title><clause id="_determination" inline-header="false" obligation="normative"><title>Determination</title><admonition id="_745d94a3-a626-4c33-b4b7-130b49677629" type="caution">
	<p id="_a20ca6ec-2623-447f-bf67-8a958a051557">Only use paddy or parboiled rice for the determination of husked rice yield.</p>
	</admonition>
	<p id="_56bf99a7-e109-4469-8249-a542f062c43c">Determine the husked rice yield in accordance with <eref type="inline" bibitemid="ISO6646" citeas="ISO 6646"/>.</p></clause>
	<clause id="_precision" inline-header="false" obligation="normative"><title>Precision</title><clause id="_interlaboratory_test" inline-header="false" obligation="normative">
(XML Line 000367): Hanging paragraph in clause
	<clause id="_precision" inline-header="false" obligation="normative"><title>Precision</title><clause id="_interlaboratory_test" inline-header="false" obligation="normative">
	<title>Interlaboratory test</title>
	<p id="_b11fb79b-1a4e-49b9-8d23-1c53718d4563">The results of an interlaboratory test are given in <xref target="AnnexD"/> for information</p>
	</clause>
	<clause id="_repeatability" inline-header="false" obligation="normative"><title>Repeatability</title><p id="_27c0a0e3-11e1-45c3-91bb-27531335d8be">The absolute difference between two independent single test results, obtained using the same method on identical test material in the same laboratory by the same operator using the same equipment within a short interval of time, shall not exceed the arithmetic mean of the values for <stem type="MathML"><math xmlns="http://www.w3.org/1998/Math/MathML"><mi>r</mi></math></stem> obtained from the interlaboratory study for husked rice in more than 5 % of cases:</p>
(XML Line 000372): no space before percent sign: 1%
	<formula id="_8aa66b06-c225-46e9-8961-ef6a33c5ff95" unnumbered="true">
	<stem type="MathML"><math xmlns="http://www.w3.org/1998/Math/MathML"><mi>r</mi><mo>=</mo><mn>1</mn><mi>%</mi></math></stem>
	<dl id="_07c3c273-8852-46a7-8fdf-fa22822371da" key="true">
	<dt>
	<stem type="MathML"><math xmlns="http://www.w3.org/1998/Math/MathML"><mi>r</mi></math></stem>
(XML Line 000385): no space before percent sign: 3%
	<formula id="_44f63f00-df36-4003-b8a8-856c232df8a2" unnumbered="true">
	<stem type="MathML"><math xmlns="http://www.w3.org/1998/Math/MathML"><mi>R</mi><mo>=</mo><mn>3</mn><mi>%</mi></math></stem>
	<dl id="_b84d8560-2bd6-4e83-bc28-9e46839ce608" key="true">
	<dt>
	<stem type="MathML"><math xmlns="http://www.w3.org/1998/Math/MathML"><mi>R</mi></math></stem>
(XML Line 000397): Scope must occur before Terms and Definitions
	<clause id="clause7" inline-header="false" obligation="normative"><title>Test report</title><p id="_0e35cc02-cbf6-44bf-8bcf-8ee508265b12">For each test method, the test report shall specify the following:</p>
	<ol id="_022f14ca-aa34-4c44-aae6-95d72d3a084e">
	<li>
	<p id="_a55a273a-c26e-454f-a29b-f8da08e9665a">all information necessary for the complete identification of the sample;</p>
	</li>
(XML Line 000424): Scope must occur before Terms and Definitions
	<clause id="_packaging" inline-header="false" obligation="normative"><title>Packaging</title><p id="_ce31c733-40ed-442b-a6f2-c30d9e05ffef">The packaging shall not transmit any odour or flavour to the product and shall not contain substances which may damage the product or constitute a health risk.</p>
	<p id="_41f83589-339e-46cb-955e-7785ce2b5a5c">If bags are used, they shall comply with the requirements of <eref type="inline" bibitemid="ISO8351-1" citeas="ISO 8351-1:1994"><localityStack><locality type="clause"><referenceFrom>9</referenceFrom></locality></localityStack></eref>, or <eref type="inline" bibitemid="ISO8351-2" citeas="ISO 8351-2"/>, as appropriate.</p></clause>
(XML Line 000426): Scope must occur before Terms and Definitions
	<clause id="_marking" inline-header="false" obligation="normative">
	<title>Marking</title>
	<p id="_04a51d15-5086-42c9-961b-78a3d05350fe">The packages shall be marked or labelled as required by the country of destination.</p>
	</clause>
(XML Line 000430): Hanging paragraph in clause
	<annex id="AnnexA" inline-header="false" obligation="normative"><title>Determination of defects</title><clause id="_principle" inline-header="false" obligation="normative">
	<title>Principle</title>
	<p id="_eecd1617-f0bb-4b9a-8252-acef42dbdd6a">Extraneous matter, broken kernels, damaged kernels and other kinds of rice are separated manually according to the following types: husked rice, milled rice, husked parboiled rice and milled parboiled rice. Each type is then weighed.</p>
	</clause>
	<clause id="_apparatus" inline-header="false" obligation="normative"><title>Apparatus</title><p id="_54184bd5-e5ca-41b0-8ced-42e8c1b00821">The usual laboratory apparatus and, in particular, the following.</p>
(XML Line 000434): Hanging paragraph in clause
	<clause id="_apparatus" inline-header="false" obligation="normative"><title>Apparatus</title><p id="_54184bd5-e5ca-41b0-8ced-42e8c1b00821">The usual laboratory apparatus and, in particular, the following.</p>
	<clause id="AnnexA-2-1" inline-header="true" obligation="normative">
	<title>Sample divider,</title>
	<p id="_1fb24d43-0b52-46ed-9083-68d400509161">consisting of a conical sample divider or multiple-slot sample divider with a distribution system, e.g. “Split-it-right” sample divider, such as that shown in <xref target="figureA-1"/>.</p>
	</clause>
(XML Line 000462): 'see clause5' is pointing to a normative section
	<xref target="clause5"/>
(XML Line 000464): Hanging paragraph in clause
	<clause id="_procedure" inline-header="false" obligation="normative">
	<title>Procedure</title>
	<clause id="AnnexA-4-1" inline-header="false" obligation="normative"><title>Preparation of test sample</title><p id="_cf4c7517-e473-460a-a164-4b6a6f5f378b">Carefully mix the laboratory sample to make it as uniform as possible, then proceed to reduce it, using a divider (<xref target="AnnexA-2-1"/>), until a quantity of about 30 g is obtained.</p>
	<p id="_95333b8e-a9c3-4394-b552-e430f509604c">All parts of kernels which get stuck in the perforations of a sieve should be considered to be retained by the sieve.</p>
	<figure id="figureA-1">
(XML Line 000504): Hanging paragraph in clause
	<annex id="AnnexB" inline-header="false" obligation="informative"><title>Determination of the waxy rice content of parboiled rice</title><clause id="_principle_2" inline-header="false" obligation="informative">
	<title>Principle</title>
	<p id="_4cb593d3-0b4c-49a9-823a-7af0be1cc55a">Waxy rice kernels have a reddish brown colour when stained in an iodine solution, while non-waxy rice kernels show a dark blue colour.</p>
	</clause>
	<clause id="_apparatus_2" inline-header="false" obligation="informative"><title>Apparatus</title><p id="_d290a8bc-c0b0-4f9e-bfff-917db5da3a62">The usual laboratory apparatus and, in particular, the following.</p>
(XML Line 000508): Hanging paragraph in clause
	<clause id="_apparatus_2" inline-header="false" obligation="informative"><title>Apparatus</title><p id="_d290a8bc-c0b0-4f9e-bfff-917db5da3a62">The usual laboratory apparatus and, in particular, the following.</p>
	<clause id="AnnexB-2-1" inline-header="true" obligation="informative">
	<title>Balance,</title>
	<p id="_57504cf3-02c8-40e6-933e-e047d62bc964">capable of weighing to the nearest 0,01 g.</p>
	</clause>
(XML Line 000523): possible decimal point: 0.020
	<p id="_352c6b85-6935-40d0-99aa-824c961e465d">with long rounded apertures of (1 mm <stem type="MathML"><math xmlns="http://www.w3.org/1998/Math/MathML"><mtable><mtr><mtd><mrow><mo>+</mo><mn>0.02</mn></mrow></mtd></mtr><mtr><mtd><mn>0</mn></mtd></mtr></mtable></math></stem> mm) × (20 mm <stem type="MathML"><math xmlns="http://www.w3.org/1998/Math/MathML"><mtable><mtr><mtd><mrow><mo>+</mo><mn>2</mn></mrow></mtd></mtr><mtr><mtd><mrow><mo>−</mo><mn>1</mn></mrow></mtd></mtr></mtable></math></stem> mm).</p>
(XML Line 000534): Hanging paragraph in clause
	<clause id="_reagents" inline-header="false" obligation="informative"><title>Reagents</title><admonition id="_fd8f875c-6307-4d8f-b0f4-c5e417bab2bc" type="warning">
	<p id="_2de35e7f-ef79-4b4e-b1f5-74c4b401ceb3">Direct contact of iodine with skin can cause lesions so care should be taken in handling iodine. Iodine vapour is very irritating to eyes and mucous membranes.</p>
	</admonition>
	<clause id="AnnexB-3-1" inline-header="true" obligation="informative">
	<title>Deionized water,</title>
(XML Line 000551): Hanging paragraph in clause
	<clause id="_determination_3" inline-header="false" obligation="informative"><title>Determination</title><clause id="_3" inline-header="false" obligation="informative">
	
	<p id="_d3eb6983-f6f1-41dc-9500-4aa798347a1c">Weigh a portion of about 100 g of milled rice and put it into a glass beaker (<xref target="AnnexB-2-2"/>).</p>
	</clause>
	<clause id="_4" inline-header="false" obligation="informative">


== Metanorma XML Syntax

(XML Line 000136:125): IDREF "foreword" without matching ID
(XML Line 000136:125): IDREF "foreword" without matching ID
(XML Line 000418:544): text not allowed here; expected element "p"
(XML Line 000418:547): element "fn" incomplete; missing required element "p"
(XML Line 000457:48): element "ol" missing required attribute "type"
