WARNING: Font file '/github/home/.metanorma/fonts/cambria.ttc' (font name 'Cambria', font style 'normal', font weight 'normal') doesn't exist. Replaced by '/github/home/.metanorma/fonts/NotoSans-Regular.ttf'.
WARNING: Font file '/github/home/.metanorma/fonts/cambria.ttc' (font name 'Cambria Math', font style 'normal', font weight 'normal') doesn't exist. Replaced by '/github/home/.metanorma/fonts/NotoSans-Regular.ttf'.
WARNING: Font file '/github/home/.metanorma/fonts/cambria.ttc' (font name 'Cambria Math', font style 'normal', font weight 'bold') doesn't exist. Replaced by '/github/home/.metanorma/fonts/NotoSans-Bold.ttf'.
WARNING: Font file '/github/home/.metanorma/fonts/cambriab.ttf' (font name 'Cambria', font style 'normal', font weight 'bold') doesn't exist. Replaced by '/github/home/.metanorma/fonts/NotoSans-Bold.ttf'.
WARNING: Font file '/github/home/.metanorma/fonts/cambriai.ttf' (font name 'Cambria', font style 'italic', font weight 'normal') doesn't exist. Replaced by '/github/home/.metanorma/fonts/NotoSans-Italic.ttf'.
WARNING: Font file '/github/home/.metanorma/fonts/cambriaz.ttf' (font name 'Cambria', font style 'italic', font weight 'bold') doesn't exist. Replaced by '/github/home/.metanorma/fonts/NotoSans-BoldItalic.ttf'.
WARNING: Font file '/github/home/.metanorma/fonts/times.ttf' (font name 'Times New Roman', font style 'normal', font weight 'normal') doesn't exist. Replaced by '/github/home/.metanorma/fonts/NotoSans-Regular.ttf'.
WARNING: Font file '/github/home/.metanorma/fonts/timesbd.ttf' (font name 'Times New Roman', font style 'normal', font weight 'bold') doesn't exist. Replaced by '/github/home/.metanorma/fonts/NotoSans-Bold.ttf'.
WARNING: Font file '/github/home/.metanorma/fonts/timesbi.ttf' (font name 'Times New Roman', font style 'italic', font weight 'bold') doesn't exist. Replaced by '/github/home/.metanorma/fonts/NotoSans-BoldItalic.ttf'.
WARNING: Font file '/github/home/.metanorma/fonts/timesi.ttf' (font name 'Times New Roman', font style 'italic', font weight 'normal') doesn't exist. Replaced by '/github/home/.metanorma/fonts/NotoSans-Italic.ttf'.

WARNING: Font file '/github/home/.metanorma/fonts/cambria.ttc' (font name 'Cambria', font style 'normal', font weight 'normal') doesn't exist. Replaced by '/github/home/.metanorma/fonts/NotoSans-Regular.ttf'.
WARNING: Font file '/github/home/.metanorma/fonts/cambria.ttc' (font name 'Cambria Math', font style 'normal', font weight 'normal') doesn't exist. Replaced by '/github/home/.metanorma/fonts/NotoSans-Regular.ttf'.
WARNING: Font file '/github/home/.metanorma/fonts/cambria.ttc' (font name 'Cambria Math', font style 'normal', font weight 'bold') doesn't exist. Replaced by '/github/home/.metanorma/fonts/NotoSans-Bold.ttf'.
WARNING: Font file '/github/home/.metanorma/fonts/cambriab.ttf' (font name 'Cambria', font style 'normal', font weight 'bold') doesn't exist. Replaced by '/github/home/.metanorma/fonts/NotoSans-Bold.ttf'.
WARNING: Font file '/github/home/.metanorma/fonts/cambriai.ttf' (font name 'Cambria', font style 'italic', font weight 'normal') doesn't exist. Replaced by '/github/home/.metanorma/fonts/NotoSans-Italic.ttf'.
WARNING: Font file '/github/home/.metanorma/fonts/cambriaz.ttf' (font name 'Cambria', font style 'italic', font weight 'bold') doesn't exist. Replaced by '/github/home/.metanorma/fonts/NotoSans-BoldItalic.ttf'.
WARNING: Font file '/github/home/.metanorma/fonts/times.ttf' (font name 'Times New Roman', font style 'normal', font weight 'normal') doesn't exist. Replaced by '/github/home/.metanorma/fonts/NotoSans-Regular.ttf'.
WARNING: Font file '/github/home/.metanorma/fonts/timesbd.ttf' (font name 'Times New Roman', font style 'normal', font weight 'bold') doesn't exist. Replaced by '/github/home/.metanorma/fonts/NotoSans-Bold.ttf'.
WARNING: Font file '/github/home/.metanorma/fonts/timesbi.ttf' (font name 'Times New Roman', font style 'italic', font weight 'bold') doesn't exist. Replaced by '/github/home/.metanorma/fonts/NotoSans-BoldItalic.ttf'.
WARNING: Font file '/github/home/.metanorma/fonts/timesi.ttf' (font name 'Times New Roman', font style 'italic', font weight 'normal') doesn't exist. Replaced by '/github/home/.metanorma/fonts/NotoSans-Italic.ttf'.
WARNING: Font file '/github/home/.metanorma/fonts/cour.ttf' (font name 'Courier New', font style 'normal', font weight 'normal') doesn't exist. Replaced by '/github/home/.metanorma/fonts/NotoSansMono-Regular.ttf'.
WARNING: Font file '/github/home/.metanorma/fonts/courbd.ttf' (font name 'Courier New', font style 'normal', font weight 'bold') doesn't exist. Replaced by '/github/home/.metanorma/fonts/NotoSansMono-Bold.ttf'.
WARNING: Font file '/github/home/.metanorma/fonts/courbi.ttf' (font name 'Courier New', font style 'italic', font weight 'bold') doesn't exist. Replaced by '/github/home/.metanorma/fonts/NotoSansMono-Bold.ttf'.
WARNING: Font file '/github/home/.metanorma/fonts/couri.ttf' (font name 'Courier New', font style 'italic', font weight 'normal') doesn't exist. Replaced by '/github/home/.metanorma/fonts/NotoSansMono-Regular.ttf'.

WARNING: Font file '/github/home/.metanorma/fonts/cambria.ttc' (font name 'Cambria', font style 'normal', font weight 'normal') doesn't exist. Replaced by '/github/home/.metanorma/fonts/NotoSans-Regular.ttf'.
WARNING: Font file '/github/home/.metanorma/fonts/cambria.ttc' (font name 'Cambria Math', font style 'normal', font weight 'normal') doesn't exist. Replaced by '/github/home/.metanorma/fonts/NotoSans-Regular.ttf'.
WARNING: Font file '/github/home/.metanorma/fonts/cambria.ttc' (font name 'Cambria Math', font style 'normal', font weight 'bold') doesn't exist. Replaced by '/github/home/.metanorma/fonts/NotoSans-Bold.ttf'.
WARNING: Font file '/github/home/.metanorma/fonts/cambriab.ttf' (font name 'Cambria', font style 'normal', font weight 'bold') doesn't exist. Replaced by '/github/home/.metanorma/fonts/NotoSans-Bold.ttf'.
WARNING: Font file '/github/home/.metanorma/fonts/cambriai.ttf' (font name 'Cambria', font style 'italic', font weight 'normal') doesn't exist. Replaced by '/github/home/.metanorma/fonts/NotoSans-Italic.ttf'.
WARNING: Font file '/github/home/.metanorma/fonts/cambriaz.ttf' (font name 'Cambria', font style 'italic', font weight 'bold') doesn't exist. Replaced by '/github/home/.metanorma/fonts/NotoSans-BoldItalic.ttf'.
WARNING: Font file '/github/home/.metanorma/fonts/times.ttf' (font name 'Times New Roman', font style 'normal', font weight 'normal') doesn't exist. Replaced by '/github/home/.metanorma/fonts/NotoSans-Regular.ttf'.
WARNING: Font file '/github/home/.metanorma/fonts/timesbd.ttf' (font name 'Times New Roman', font style 'normal', font weight 'bold') doesn't exist. Replaced by '/github/home/.metanorma/fonts/NotoSans-Bold.ttf'.
WARNING: Font file '/github/home/.metanorma/fonts/timesbi.ttf' (font name 'Times New Roman', font style 'italic', font weight 'bold') doesn't exist. Replaced by '/github/home/.metanorma/fonts/NotoSans-BoldItalic.ttf'.
WARNING: Font file '/github/home/.metanorma/fonts/timesi.ttf' (font name 'Times New Roman', font style 'italic', font weight 'normal') doesn't exist. Replaced by '/github/home/.metanorma/fonts/NotoSans-Italic.ttf'.

WARNING: Font file '/github/home/.metanorma/fonts/cambria.ttc' (font name 'Cambria', font style 'normal', font weight 'normal') doesn't exist. Replaced by '/github/home/.metanorma/fonts/NotoSans-Regular.ttf'.
WARNING: Font file '/github/home/.metanorma/fonts/cambria.ttc' (font name 'Cambria Math', font style 'normal', font weight 'normal') doesn't exist. Replaced by '/github/home/.metanorma/fonts/NotoSans-Regular.ttf'.
WARNING: Font file '/github/home/.metanorma/fonts/cambria.ttc' (font name 'Cambria Math', font style 'normal', font weight 'bold') doesn't exist. Replaced by '/github/home/.metanorma/fonts/NotoSans-Bold.ttf'.
WARNING: Font file '/github/home/.metanorma/fonts/cambriab.ttf' (font name 'Cambria', font style 'normal', font weight 'bold') doesn't exist. Replaced by '/github/home/.metanorma/fonts/NotoSans-Bold.ttf'.
WARNING: Font file '/github/home/.metanorma/fonts/cambriai.ttf' (font name 'Cambria', font style 'italic', font weight 'normal') doesn't exist. Replaced by '/github/home/.metanorma/fonts/NotoSans-Italic.ttf'.
WARNING: Font file '/github/home/.metanorma/fonts/cambriaz.ttf' (font name 'Cambria', font style 'italic', font weight 'bold') doesn't exist. Replaced by '/github/home/.metanorma/fonts/NotoSans-BoldItalic.ttf'.
WARNING: Font file '/github/home/.metanorma/fonts/times.ttf' (font name 'Times New Roman', font style 'normal', font weight 'normal') doesn't exist. Replaced by '/github/home/.metanorma/fonts/NotoSans-Regular.ttf'.
WARNING: Font file '/github/home/.metanorma/fonts/timesbd.ttf' (font name 'Times New Roman', font style 'normal', font weight 'bold') doesn't exist. Replaced by '/github/home/.metanorma/fonts/NotoSans-Bold.ttf'.
WARNING: Font file '/github/home/.metanorma/fonts/timesbi.ttf' (font name 'Times New Roman', font style 'italic', font weight 'bold') doesn't exist. Replaced by '/github/home/.metanorma/fonts/NotoSans-BoldItalic.ttf'.
WARNING: Font file '/github/home/.metanorma/fonts/timesi.ttf' (font name 'Times New Roman', font style 'italic', font weight 'normal') doesn't exist. Replaced by '/github/home/.metanorma/fonts/NotoSans-Italic.ttf'.
WARNING: Font file '/github/home/.metanorma/fonts/cour.ttf' (font name 'Courier New', font style 'normal', font weight 'normal') doesn't exist. Replaced by '/github/home/.metanorma/fonts/NotoSansMono-Regular.ttf'.
WARNING: Font file '/github/home/.metanorma/fonts/courbd.ttf' (font name 'Courier New', font style 'normal', font weight 'bold') doesn't exist. Replaced by '/github/home/.metanorma/fonts/NotoSansMono-Bold.ttf'.
WARNING: Font file '/github/home/.metanorma/fonts/courbi.ttf' (font name 'Courier New', font style 'italic', font weight 'bold') doesn't exist. Replaced by '/github/home/.metanorma/fonts/NotoSansMono-Bold.ttf'.
WARNING: Font file '/github/home/.metanorma/fonts/couri.ttf' (font name 'Courier New', font style 'italic', font weight 'normal') doesn't exist. Replaced by '/github/home/.metanorma/fonts/NotoSansMono-Regular.ttf'.

