WARNING: Font file '/github/home/.metanorma/fonts/cambria.ttc' (font name 'Cambria', font style 'normal', font weight 'normal') doesn't exist. Replaced by '/github/home/.metanorma/fonts/NotoSans-Regular.ttf'.
WARNING: Font file '/github/home/.metanorma/fonts/cambria.ttc' (font name 'Cambria Math', font style 'normal', font weight 'normal') doesn't exist. Replaced by '/github/home/.metanorma/fonts/NotoSans-Regular.ttf'.
WARNING: Font file '/github/home/.metanorma/fonts/cambria.ttc' (font name 'Cambria Math', font style 'normal', font weight 'bold') doesn't exist. Replaced by '/github/home/.metanorma/fonts/NotoSans-Bold.ttf'.
WARNING: Font file '/github/home/.metanorma/fonts/cambriab.ttf' (font name 'Cambria', font style 'normal', font weight 'bold') doesn't exist. Replaced by '/github/home/.metanorma/fonts/NotoSans-Bold.ttf'.
WARNING: Font file '/github/home/.metanorma/fonts/cambriai.ttf' (font name 'Cambria', font style 'italic', font weight 'normal') doesn't exist. Replaced by '/github/home/.metanorma/fonts/NotoSans-Italic.ttf'.
WARNING: Font file '/github/home/.metanorma/fonts/cambriaz.ttf' (font name 'Cambria', font style 'italic', font weight 'bold') doesn't exist. Replaced by '/github/home/.metanorma/fonts/NotoSans-BoldItalic.ttf'.
WARNING: Font file '/github/home/.metanorma/fonts/times.ttf' (font name 'Times New Roman', font style 'normal', font weight 'normal') doesn't exist. Replaced by '/github/home/.metanorma/fonts/NotoSans-Regular.ttf'.
WARNING: Font file '/github/home/.metanorma/fonts/timesbd.ttf' (font name 'Times New Roman', font style 'normal', font weight 'bold') doesn't exist. Replaced by '/github/home/.metanorma/fonts/NotoSans-Bold.ttf'.
WARNING: Font file '/github/home/.metanorma/fonts/timesbi.ttf' (font name 'Times New Roman', font style 'italic', font weight 'bold') doesn't exist. Replaced by '/github/home/.metanorma/fonts/NotoSans-BoldItalic.ttf'.
WARNING: Font file '/github/home/.metanorma/fonts/timesi.ttf' (font name 'Times New Roman', font style 'italic', font weight 'normal') doesn't exist. Replaced by '/github/home/.metanorma/fonts/NotoSans-Italic.ttf'.

WARNING: Font file '/github/home/.metanorma/fonts/cambria.ttc' (font name 'Cambria', font style 'normal', font weight 'normal') doesn't exist. Replaced by '/github/home/.metanorma/fonts/NotoSans-Regular.ttf'.
WARNING: Font file '/github/home/.metanorma/fonts/cambria.ttc' (font name 'Cambria Math', font style 'normal', font weight 'normal') doesn't exist. Replaced by '/github/home/.metanorma/fonts/NotoSans-Regular.ttf'.
WARNING: Font file '/github/home/.metanorma/fonts/cambria.ttc' (font name 'Cambria Math', font style 'normal', font weight 'bold') doesn't exist. Replaced by '/github/home/.metanorma/fonts/NotoSans-Bold.ttf'.
WARNING: Font file '/github/home/.metanorma/fonts/cambriab.ttf' (font name 'Cambria', font style 'normal', font weight 'bold') doesn't exist. Replaced by '/github/home/.metanorma/fonts/NotoSans-Bold.ttf'.
WARNING: Font file '/github/home/.metanorma/fonts/cambriai.ttf' (font name 'Cambria', font style 'italic', font weight 'normal') doesn't exist. Replaced by '/github/home/.metanorma/fonts/NotoSans-Italic.ttf'.
WARNING: Font file '/github/home/.metanorma/fonts/cambriaz.ttf' (font name 'Cambria', font style 'italic', font weight 'bold') doesn't exist. Replaced by '/github/home/.metanorma/fonts/NotoSans-BoldItalic.ttf'.
WARNING: Font file '/github/home/.metanorma/fonts/times.ttf' (font name 'Times New Roman', font style 'normal', font weight 'normal') doesn't exist. Replaced by '/github/home/.metanorma/fonts/NotoSans-Regular.ttf'.
WARNING: Font file '/github/home/.metanorma/fonts/timesbd.ttf' (font name 'Times New Roman', font style 'normal', font weight 'bold') doesn't exist. Replaced by '/github/home/.metanorma/fonts/NotoSans-Bold.ttf'.
WARNING: Font file '/github/home/.metanorma/fonts/timesbi.ttf' (font name 'Times New Roman', font style 'italic', font weight 'bold') doesn't exist. Replaced by '/github/home/.metanorma/fonts/NotoSans-BoldItalic.ttf'.
WARNING: Font file '/github/home/.metanorma/fonts/timesi.ttf' (font name 'Times New Roman', font style 'italic', font weight 'normal') doesn't exist. Replaced by '/github/home/.metanorma/fonts/NotoSans-Italic.ttf'.
WARNING: Font 'Inter' (font name 'Inter', font style 'normal', font weight 'normal') doesn't exist. Replaced by '/github/home/.metanorma/fonts/NotoSans-Regular.ttf'.
WARNING: Font 'Inter' (font name 'Inter', font style 'normal', font weight 'bold') doesn't exist. Replaced by '/github/home/.metanorma/fonts/NotoSans-Bold.ttf'.
WARNING: Font 'Inter' (font name 'Inter', font style 'italic', font weight 'normal') doesn't exist. Replaced by '/github/home/.metanorma/fonts/NotoSans-Italic.ttf'.
WARNING: Font 'Inter' (font name 'Inter', font style 'italic', font weight 'bold') doesn't exist. Replaced by '/github/home/.metanorma/fonts/NotoSans-BoldItalic.ttf'.

The contents of fo:region-before on page 1 exceed the available area in the block-progression direction by 1417 millipoints. (See position 103:1124)
WARNING: Font file '/github/home/.metanorma/fonts/cambria.ttc' (font name 'Cambria', font style 'normal', font weight 'normal') doesn't exist. Replaced by '/github/home/.metanorma/fonts/NotoSans-Regular.ttf'.
WARNING: Font file '/github/home/.metanorma/fonts/cambria.ttc' (font name 'Cambria Math', font style 'normal', font weight 'normal') doesn't exist. Replaced by '/github/home/.metanorma/fonts/NotoSans-Regular.ttf'.
WARNING: Font file '/github/home/.metanorma/fonts/cambria.ttc' (font name 'Cambria Math', font style 'normal', font weight 'bold') doesn't exist. Replaced by '/github/home/.metanorma/fonts/NotoSans-Bold.ttf'.
WARNING: Font file '/github/home/.metanorma/fonts/cambriab.ttf' (font name 'Cambria', font style 'normal', font weight 'bold') doesn't exist. Replaced by '/github/home/.metanorma/fonts/NotoSans-Bold.ttf'.
WARNING: Font file '/github/home/.metanorma/fonts/cambriai.ttf' (font name 'Cambria', font style 'italic', font weight 'normal') doesn't exist. Replaced by '/github/home/.metanorma/fonts/NotoSans-Italic.ttf'.
WARNING: Font file '/github/home/.metanorma/fonts/cambriaz.ttf' (font name 'Cambria', font style 'italic', font weight 'bold') doesn't exist. Replaced by '/github/home/.metanorma/fonts/NotoSans-BoldItalic.ttf'.
WARNING: Font file '/github/home/.metanorma/fonts/times.ttf' (font name 'Times New Roman', font style 'normal', font weight 'normal') doesn't exist. Replaced by '/github/home/.metanorma/fonts/NotoSans-Regular.ttf'.
WARNING: Font file '/github/home/.metanorma/fonts/timesbd.ttf' (font name 'Times New Roman', font style 'normal', font weight 'bold') doesn't exist. Replaced by '/github/home/.metanorma/fonts/NotoSans-Bold.ttf'.
WARNING: Font file '/github/home/.metanorma/fonts/timesbi.ttf' (font name 'Times New Roman', font style 'italic', font weight 'bold') doesn't exist. Replaced by '/github/home/.metanorma/fonts/NotoSans-BoldItalic.ttf'.
WARNING: Font file '/github/home/.metanorma/fonts/timesi.ttf' (font name 'Times New Roman', font style 'italic', font weight 'normal') doesn't exist. Replaced by '/github/home/.metanorma/fonts/NotoSans-Italic.ttf'.

WARNING: Font file '/github/home/.metanorma/fonts/cambria.ttc' (font name 'Cambria', font style 'normal', font weight 'normal') doesn't exist. Replaced by '/github/home/.metanorma/fonts/NotoSans-Regular.ttf'.
WARNING: Font file '/github/home/.metanorma/fonts/cambria.ttc' (font name 'Cambria Math', font style 'normal', font weight 'normal') doesn't exist. Replaced by '/github/home/.metanorma/fonts/NotoSans-Regular.ttf'.
WARNING: Font file '/github/home/.metanorma/fonts/cambria.ttc' (font name 'Cambria Math', font style 'normal', font weight 'bold') doesn't exist. Replaced by '/github/home/.metanorma/fonts/NotoSans-Bold.ttf'.
WARNING: Font file '/github/home/.metanorma/fonts/cambriab.ttf' (font name 'Cambria', font style 'normal', font weight 'bold') doesn't exist. Replaced by '/github/home/.metanorma/fonts/NotoSans-Bold.ttf'.
WARNING: Font file '/github/home/.metanorma/fonts/cambriai.ttf' (font name 'Cambria', font style 'italic', font weight 'normal') doesn't exist. Replaced by '/github/home/.metanorma/fonts/NotoSans-Italic.ttf'.
WARNING: Font file '/github/home/.metanorma/fonts/cambriaz.ttf' (font name 'Cambria', font style 'italic', font weight 'bold') doesn't exist. Replaced by '/github/home/.metanorma/fonts/NotoSans-BoldItalic.ttf'.
WARNING: Font file '/github/home/.metanorma/fonts/times.ttf' (font name 'Times New Roman', font style 'normal', font weight 'normal') doesn't exist. Replaced by '/github/home/.metanorma/fonts/NotoSans-Regular.ttf'.
WARNING: Font file '/github/home/.metanorma/fonts/timesbd.ttf' (font name 'Times New Roman', font style 'normal', font weight 'bold') doesn't exist. Replaced by '/github/home/.metanorma/fonts/NotoSans-Bold.ttf'.
WARNING: Font file '/github/home/.metanorma/fonts/timesbi.ttf' (font name 'Times New Roman', font style 'italic', font weight 'bold') doesn't exist. Replaced by '/github/home/.metanorma/fonts/NotoSans-BoldItalic.ttf'.
WARNING: Font file '/github/home/.metanorma/fonts/timesi.ttf' (font name 'Times New Roman', font style 'italic', font weight 'normal') doesn't exist. Replaced by '/github/home/.metanorma/fonts/NotoSans-Italic.ttf'.
WARNING: Font 'Inter' (font name 'Inter', font style 'normal', font weight 'normal') doesn't exist. Replaced by '/github/home/.metanorma/fonts/NotoSans-Regular.ttf'.
WARNING: Font 'Inter' (font name 'Inter', font style 'normal', font weight 'bold') doesn't exist. Replaced by '/github/home/.metanorma/fonts/NotoSans-Bold.ttf'.
WARNING: Font 'Inter' (font name 'Inter', font style 'italic', font weight 'normal') doesn't exist. Replaced by '/github/home/.metanorma/fonts/NotoSans-Italic.ttf'.
WARNING: Font 'Inter' (font name 'Inter', font style 'italic', font weight 'bold') doesn't exist. Replaced by '/github/home/.metanorma/fonts/NotoSans-BoldItalic.ttf'.

