/__w/mn-samples-iso/mn-samples-iso/site/documents/amendment/rice-amd-en.awi.err errors


== Style

(XML Line 000032): Foreword may contain requirement: ISO shall not be held responsible for identifying any or all such patent rights
	<foreword id="_f3fedd3f-f723-ef40-01aa-6eed16676d6f" obligation="informative">
	<title>Foreword</title>
	<p id="_af04a30c-6da7-69ff-6b0b-8b89283f2084">ISO (the International Organization for Standardization) is a worldwide federation of national standards bodies (ISO member bodies). The work of preparing International Standards is normally carried out through ISO technical committees. Each member body interested in a subject for which a technical committee has been established has the right to be represented on that committee. International organizations, governmental and non-governmental, in liaison with ISO, also take part in the work. ISO collaborates closely with the International Electrotechnical Commission (IEC) on all matters of electrotechnical standardization.</p>
	
	<p id="_f1083fe6-457b-ed9f-a5a1-091fed6f8b06">The procedures used to develop this document and those intended for its further maintenance are described in the ISO/IEC Directives, Part 1. In particular the different approval criteria needed for the different types of ISO documents should be noted. This document was drafted in accordance with the editorial rules of the ISO/IEC Directives, Part 2 (see www.iso.org/directives).</p>
(XML Line 000032): Foreword may contain permission: Attention is drawn to the possibility that some of the elements of this document may be the subject of patent rights
	<foreword id="_f3fedd3f-f723-ef40-01aa-6eed16676d6f" obligation="informative">
	<title>Foreword</title>
	<p id="_af04a30c-6da7-69ff-6b0b-8b89283f2084">ISO (the International Organization for Standardization) is a worldwide federation of national standards bodies (ISO member bodies). The work of preparing International Standards is normally carried out through ISO technical committees. Each member body interested in a subject for which a technical committee has been established has the right to be represented on that committee. International organizations, governmental and non-governmental, in liaison with ISO, also take part in the work. ISO collaborates closely with the International Electrotechnical Commission (IEC) on all matters of electrotechnical standardization.</p>
	
	<p id="_f1083fe6-457b-ed9f-a5a1-091fed6f8b06">The procedures used to develop this document and those intended for its further maintenance are described in the ISO/IEC Directives, Part 1. In particular the different approval criteria needed for the different types of ISO documents should be noted. This document was drafted in accordance with the editorial rules of the ISO/IEC Directives, Part 2 (see www.iso.org/directives).</p>
(XML Line 000032): Foreword may contain recommendation: In particular the different approval criteria needed for the different types of ISO documents should be noted
	<foreword id="_f3fedd3f-f723-ef40-01aa-6eed16676d6f" obligation="informative">
	<title>Foreword</title>
	<p id="_af04a30c-6da7-69ff-6b0b-8b89283f2084">ISO (the International Organization for Standardization) is a worldwide federation of national standards bodies (ISO member bodies). The work of preparing International Standards is normally carried out through ISO technical committees. Each member body interested in a subject for which a technical committee has been established has the right to be represented on that committee. International organizations, governmental and non-governmental, in liaison with ISO, also take part in the work. ISO collaborates closely with the International Electrotechnical Commission (IEC) on all matters of electrotechnical standardization.</p>
	
	<p id="_f1083fe6-457b-ed9f-a5a1-091fed6f8b06">The procedures used to develop this document and those intended for its further maintenance are described in the ISO/IEC Directives, Part 1. In particular the different approval criteria needed for the different types of ISO documents should be noted. This document was drafted in accordance with the editorial rules of the ISO/IEC Directives, Part 2 (see www.iso.org/directives).</p>
(XML Line 000038): Use 'either x or y, or both': and/or
	<p id="_9e049049-8b46-3d3e-97b9-eebd6fb12fcb">Attention is drawn to the possibility that some of the elements of this document may be the subject of patent rights. ISO shall not be held responsible for identifying any or all such patent rights. Details of any patent rights identified during the development of the document will be in the Introduction and/or on the ISO list of patent declarations received (see www.iso.org/patents).</p>
(XML Line 000112): possible decimal point: 2.1
	<p id="_923230cf-8609-94a5-a52d-5a9b854fb30c"><strong>A.2.1 Sample divider</strong>, consisting of a conical sample divider or multiple-slot sample divider with a distribution system, e.g. conical (Boerner-type) divider such as that shown in Figure A.1 or multiple-slot (riffle-type) divider such as that shown in Figure A.2.</p>
